{"contracts/AppStorage.sol":{"l":{},"path":"/mnt/d/SmartContracts/Ethereum/randomizer-diamond/contracts/AppStorage.sol","s":{},"b":{},"f":{},"fnMap":{},"statementMap":{},"branchMap":{}},"contracts/facets/AdminFacet.sol":{"l":{"30":1,"35":1,"40":3,"45":3,"50":1,"55":3,"56":2,"57":2,"62":2,"63":1,"64":1,"65":1,"70":3,"71":1,"72":1,"73":1,"78":2,"79":1,"80":1,"85":8,"86":8,"87":8,"92":1,"93":1,"94":1,"99":14,"100":14},"path":"/mnt/d/SmartContracts/Ethereum/randomizer-diamond/contracts/facets/AdminFacet.sol","s":{"1":3,"2":1,"3":3,"4":2,"5":2,"6":1,"7":3,"8":1,"9":1,"10":2,"11":1,"12":8,"13":8,"14":1,"15":1,"16":14},"b":{"1":[1,2],"2":[1,1],"3":[2,1],"4":[0,1]},"f":{"1":1,"2":1,"3":3,"4":3,"5":1,"6":3,"7":2,"8":3,"9":2,"10":8,"11":1,"12":14},"fnMap":{"1":{"name":"treasury","line":29,"loc":{"start":{"line":29,"column":4},"end":{"line":31,"column":4}}},"2":{"name":"sequencer","line":34,"loc":{"start":{"line":34,"column":4},"end":{"line":36,"column":4}}},"3":{"name":"proposedSequencer","line":39,"loc":{"start":{"line":39,"column":4},"end":{"line":41,"column":4}}},"4":{"name":"configUint","line":44,"loc":{"start":{"line":44,"column":4},"end":{"line":46,"column":4}}},"5":{"name":"gasEstimate","line":49,"loc":{"start":{"line":49,"column":4},"end":{"line":51,"column":4}}},"6":{"name":"proposeSequencer","line":54,"loc":{"start":{"line":54,"column":4},"end":{"line":58,"column":4}}},"7":{"name":"acceptSequencer","line":61,"loc":{"start":{"line":61,"column":4},"end":{"line":66,"column":4}}},"8":{"name":"cancelProposeSequencer","line":69,"loc":{"start":{"line":69,"column":4},"end":{"line":74,"column":4}}},"9":{"name":"setTreasury","line":77,"loc":{"start":{"line":77,"column":4},"end":{"line":81,"column":4}}},"10":{"name":"setConfigUint","line":84,"loc":{"start":{"line":84,"column":4},"end":{"line":88,"column":4}}},"11":{"name":"setGasEstimate","line":91,"loc":{"start":{"line":91,"column":4},"end":{"line":95,"column":4}}},"12":{"name":"enableRenewals","line":98,"loc":{"start":{"line":98,"column":4},"end":{"line":101,"column":4}}}},"statementMap":{"1":{"start":{"line":45,"column":8},"end":{"line":45,"column":33}},"2":{"start":{"line":50,"column":8},"end":{"line":50,"column":34}},"3":{"start":{"line":55,"column":8},"end":{"line":55,"column":60}},"4":{"start":{"line":57,"column":8},"end":{"line":57,"column":54}},"5":{"start":{"line":62,"column":8},"end":{"line":62,"column":68}},"6":{"start":{"line":63,"column":8},"end":{"line":63,"column":62}},"7":{"start":{"line":70,"column":8},"end":{"line":70,"column":97}},"8":{"start":{"line":71,"column":8},"end":{"line":71,"column":75}},"9":{"start":{"line":72,"column":8},"end":{"line":72,"column":71}},"10":{"start":{"line":78,"column":8},"end":{"line":78,"column":42}},"11":{"start":{"line":79,"column":8},"end":{"line":79,"column":54}},"12":{"start":{"line":85,"column":8},"end":{"line":85,"column":42}},"13":{"start":{"line":86,"column":8},"end":{"line":86,"column":66}},"14":{"start":{"line":92,"column":8},"end":{"line":92,"column":42}},"15":{"start":{"line":93,"column":8},"end":{"line":93,"column":62}},"16":{"start":{"line":99,"column":8},"end":{"line":99,"column":42}}},"branchMap":{"1":{"line":55,"type":"if","locations":[{"start":{"line":55,"column":8},"end":{"line":55,"column":8}},{"start":{"line":55,"column":8},"end":{"line":55,"column":8}}]},"2":{"line":62,"type":"if","locations":[{"start":{"line":62,"column":8},"end":{"line":62,"column":8}},{"start":{"line":62,"column":8},"end":{"line":62,"column":8}}]},"3":{"line":70,"type":"if","locations":[{"start":{"line":70,"column":8},"end":{"line":70,"column":8}},{"start":{"line":70,"column":8},"end":{"line":70,"column":8}}]},"4":{"line":71,"type":"if","locations":[{"start":{"line":71,"column":8},"end":{"line":71,"column":8}},{"start":{"line":71,"column":8},"end":{"line":71,"column":8}}]}}},"contracts/facets/BeaconFacet.sol":{"l":{"41":68,"58":40,"72":3,"75":3,"78":3,"81":3,"82":1,"85":2,"88":2,"89":2,"90":2,"93":2,"99":298,"102":298,"108":4,"111":4,"116":3,"119":2,"120":2,"124":3,"130":21,"133":20,"136":20,"139":19,"142":19,"143":19,"146":19,"148":6,"151":6,"174":6,"177":6,"183":6,"207":6,"217":38,"219":38,"224":38,"235":44,"236":43,"239":43,"242":38,"252":38,"255":38,"256":38,"258":38,"259":32,"260":32,"261":32,"263":6,"275":6,"276":6,"279":6,"288":6,"293":6,"296":6,"297":6,"300":6,"305":38,"309":38,"310":1,"311":1,"314":37,"318":38,"321":38,"335":32,"336":10,"337":10,"339":10,"341":10,"345":31,"349":31,"363":43,"366":41,"368":41,"370":6,"372":4,"375":4,"378":4,"380":1},"path":"/mnt/d/SmartContracts/Ethereum/randomizer-diamond/contracts/facets/BeaconFacet.sol","s":{"1":68,"2":40,"3":3,"4":3,"5":3,"6":3,"7":2,"8":2,"9":2,"10":298,"11":4,"12":3,"13":2,"14":2,"15":3,"16":21,"17":20,"18":20,"19":19,"20":19,"21":19,"22":19,"23":6,"24":6,"25":6,"26":6,"27":6,"28":38,"29":38,"30":38,"31":44,"32":43,"33":43,"34":38,"35":38,"36":38,"37":38,"38":38,"39":32,"40":6,"41":6,"42":6,"43":6,"44":6,"45":38,"46":38,"47":38,"48":32,"49":10,"50":10,"51":10,"52":10,"53":31,"54":31,"55":43,"56":41,"57":41,"58":6,"59":4,"60":4,"61":4},"b":{"1":[0,3],"2":[1,2],"3":[3,1],"4":[1,2],"5":[1,20],"6":[0,20],"7":[1,19],"8":[6,13],"9":[0,38],"10":[32,6],"11":[0,6],"12":[1,37],"13":[38,0],"14":[10,22],"15":[0,10],"16":[2,41],"17":[0,41],"18":[6,35],"19":[2,4],"20":[1,3],"21":[1,0]},"f":{"1":68,"2":40,"3":3,"4":298,"5":4,"6":21,"7":6,"8":38,"9":44,"10":6,"11":38,"12":32,"13":43},"fnMap":{"1":{"name":"beacons","line":40,"loc":{"start":{"line":40,"column":4},"end":{"line":42,"column":4}}},"2":{"name":"beacon","line":45,"loc":{"start":{"line":45,"column":4},"end":{"line":67,"column":4}}},"3":{"name":"registerBeacon","line":70,"loc":{"start":{"line":70,"column":4},"end":{"line":94,"column":4}}},"4":{"name":"beaconStakeEth","line":97,"loc":{"start":{"line":97,"column":4},"end":{"line":103,"column":4}}},"5":{"name":"beaconUnstakeEth","line":106,"loc":{"start":{"line":106,"column":4},"end":{"line":125,"column":4}}},"6":{"name":"unregisterBeacon","line":128,"loc":{"start":{"line":128,"column":4},"end":{"line":153,"column":4}}},"7":{"name":"submitRandom","line":166,"loc":{"start":{"line":166,"column":4},"end":{"line":208,"column":4}}},"8":{"name":"submitRandom","line":211,"loc":{"start":{"line":211,"column":4},"end":{"line":225,"column":4}}},"9":{"name":"_submissionStep","line":227,"loc":{"start":{"line":227,"column":4},"end":{"line":265,"column":4}}},"10":{"name":"_processFinalSubmission","line":267,"loc":{"start":{"line":267,"column":4},"end":{"line":301,"column":4}}},"11":{"name":"_updateBeaconSubmissionCount","line":303,"loc":{"start":{"line":303,"column":4},"end":{"line":322,"column":4}}},"12":{"name":"_processRandomSubmission","line":328,"loc":{"start":{"line":328,"column":4},"end":{"line":350,"column":4}}},"13":{"name":"_checkCanSubmit","line":355,"loc":{"start":{"line":355,"column":4},"end":{"line":387,"column":4}}}},"statementMap":{"1":{"start":{"line":41,"column":8},"end":{"line":41,"column":24}},"2":{"start":{"line":58,"column":8},"end":{"line":58,"column":1909}},"3":{"start":{"line":72,"column":8},"end":{"line":72,"column":42}},"4":{"start":{"line":75,"column":8},"end":{"line":75,"column":73}},"5":{"start":{"line":78,"column":8},"end":{"line":78,"column":62}},"6":{"start":{"line":81,"column":8},"end":{"line":81,"column":2875}},"7":{"start":{"line":85,"column":8},"end":{"line":85,"column":50}},"8":{"start":{"line":90,"column":8},"end":{"line":90,"column":30}},"9":{"start":{"line":93,"column":8},"end":{"line":93,"column":36}},"10":{"start":{"line":102,"column":8},"end":{"line":102,"column":56}},"11":{"start":{"line":111,"column":8},"end":{"line":111,"column":4119}},"12":{"start":{"line":116,"column":12},"end":{"line":116,"column":104}},"13":{"start":{"line":119,"column":12},"end":{"line":119,"column":36}},"14":{"start":{"line":120,"column":12},"end":{"line":120,"column":89}},"15":{"start":{"line":124,"column":8},"end":{"line":124,"column":40}},"16":{"start":{"line":130,"column":8},"end":{"line":130,"column":104}},"17":{"start":{"line":133,"column":8},"end":{"line":133,"column":60}},"18":{"start":{"line":136,"column":8},"end":{"line":136,"column":94}},"19":{"start":{"line":139,"column":8},"end":{"line":139,"column":53}},"20":{"start":{"line":142,"column":8},"end":{"line":142,"column":29}},"21":{"start":{"line":143,"column":8},"end":{"line":143,"column":79}},"22":{"start":{"line":146,"column":8},"end":{"line":146,"column":5694}},"23":{"start":{"line":151,"column":12},"end":{"line":151,"column":44}},"24":{"start":{"line":174,"column":8},"end":{"line":174,"column":38}},"25":{"start":{"line":177,"column":8},"end":{"line":177,"column":6795}},"26":{"start":{"line":183,"column":8},"end":{"line":183,"column":7045}},"27":{"start":{"line":207,"column":8},"end":{"line":207,"column":87}},"28":{"start":{"line":217,"column":8},"end":{"line":217,"column":38}},"29":{"start":{"line":219,"column":8},"end":{"line":219,"column":8259}},"30":{"start":{"line":224,"column":8},"end":{"line":224,"column":81}},"31":{"start":{"line":235,"column":8},"end":{"line":235,"column":67}},"32":{"start":{"line":236,"column":8},"end":{"line":236,"column":69}},"33":{"start":{"line":239,"column":8},"end":{"line":239,"column":84}},"34":{"start":{"line":242,"column":8},"end":{"line":242,"column":9113}},"35":{"start":{"line":252,"column":8},"end":{"line":252,"column":104}},"36":{"start":{"line":255,"column":8},"end":{"line":255,"column":44}},"37":{"start":{"line":256,"column":8},"end":{"line":256,"column":54}},"38":{"start":{"line":258,"column":8},"end":{"line":258,"column":9672}},"39":{"start":{"line":261,"column":12},"end":{"line":261,"column":76}},"40":{"start":{"line":263,"column":12},"end":{"line":263,"column":84}},"41":{"start":{"line":275,"column":8},"end":{"line":275,"column":75}},"42":{"start":{"line":279,"column":8},"end":{"line":279,"column":10468}},"43":{"start":{"line":288,"column":8},"end":{"line":288,"column":10742}},"44":{"start":{"line":293,"column":8},"end":{"line":293,"column":92}},"45":{"start":{"line":305,"column":8},"end":{"line":305,"column":51}},"46":{"start":{"line":309,"column":8},"end":{"line":309,"column":11633}},"47":{"start":{"line":318,"column":8},"end":{"line":318,"column":54}},"48":{"start":{"line":335,"column":8},"end":{"line":335,"column":12932}},"49":{"start":{"line":336,"column":12},"end":{"line":336,"column":85}},"50":{"start":{"line":337,"column":12},"end":{"line":337,"column":91}},"51":{"start":{"line":339,"column":12},"end":{"line":339,"column":99}},"52":{"start":{"line":341,"column":12},"end":{"line":341,"column":71}},"53":{"start":{"line":345,"column":8},"end":{"line":345,"column":13642}},"54":{"start":{"line":349,"column":8},"end":{"line":349,"column":67}},"55":{"start":{"line":363,"column":8},"end":{"line":363,"column":70}},"56":{"start":{"line":366,"column":8},"end":{"line":366,"column":91}},"57":{"start":{"line":368,"column":8},"end":{"line":368,"column":14888}},"58":{"start":{"line":370,"column":12},"end":{"line":370,"column":78}},"59":{"start":{"line":372,"column":12},"end":{"line":372,"column":87}},"60":{"start":{"line":375,"column":12},"end":{"line":375,"column":84}},"61":{"start":{"line":378,"column":12},"end":{"line":378,"column":15550}}},"branchMap":{"1":{"line":78,"type":"if","locations":[{"start":{"line":78,"column":8},"end":{"line":78,"column":8}},{"start":{"line":78,"column":8},"end":{"line":78,"column":8}}]},"2":{"line":81,"type":"if","locations":[{"start":{"line":81,"column":8},"end":{"line":81,"column":8}},{"start":{"line":81,"column":8},"end":{"line":81,"column":8}}]},"3":{"line":111,"type":"if","locations":[{"start":{"line":111,"column":8},"end":{"line":111,"column":8}},{"start":{"line":111,"column":8},"end":{"line":111,"column":8}}]},"4":{"line":116,"type":"if","locations":[{"start":{"line":116,"column":12},"end":{"line":116,"column":12}},{"start":{"line":116,"column":12},"end":{"line":116,"column":12}}]},"5":{"line":130,"type":"if","locations":[{"start":{"line":130,"column":8},"end":{"line":130,"column":8}},{"start":{"line":130,"column":8},"end":{"line":130,"column":8}}]},"6":{"line":133,"type":"if","locations":[{"start":{"line":133,"column":8},"end":{"line":133,"column":8}},{"start":{"line":133,"column":8},"end":{"line":133,"column":8}}]},"7":{"line":136,"type":"if","locations":[{"start":{"line":136,"column":8},"end":{"line":136,"column":8}},{"start":{"line":136,"column":8},"end":{"line":136,"column":8}}]},"8":{"line":146,"type":"if","locations":[{"start":{"line":146,"column":8},"end":{"line":146,"column":8}},{"start":{"line":146,"column":8},"end":{"line":146,"column":8}}]},"9":{"line":242,"type":"if","locations":[{"start":{"line":242,"column":8},"end":{"line":242,"column":8}},{"start":{"line":242,"column":8},"end":{"line":242,"column":8}}]},"10":{"line":258,"type":"if","locations":[{"start":{"line":258,"column":8},"end":{"line":258,"column":8}},{"start":{"line":258,"column":8},"end":{"line":258,"column":8}}]},"11":{"line":275,"type":"if","locations":[{"start":{"line":275,"column":8},"end":{"line":275,"column":8}},{"start":{"line":275,"column":8},"end":{"line":275,"column":8}}]},"12":{"line":309,"type":"if","locations":[{"start":{"line":309,"column":8},"end":{"line":309,"column":8}},{"start":{"line":309,"column":8},"end":{"line":309,"column":8}}]},"13":{"line":318,"type":"if","locations":[{"start":{"line":318,"column":8},"end":{"line":318,"column":8}},{"start":{"line":318,"column":8},"end":{"line":318,"column":8}}]},"14":{"line":335,"type":"if","locations":[{"start":{"line":335,"column":8},"end":{"line":335,"column":8}},{"start":{"line":335,"column":8},"end":{"line":335,"column":8}}]},"15":{"line":337,"type":"if","locations":[{"start":{"line":337,"column":12},"end":{"line":337,"column":12}},{"start":{"line":337,"column":12},"end":{"line":337,"column":12}}]},"16":{"line":363,"type":"if","locations":[{"start":{"line":363,"column":8},"end":{"line":363,"column":8}},{"start":{"line":363,"column":8},"end":{"line":363,"column":8}}]},"17":{"line":366,"type":"if","locations":[{"start":{"line":366,"column":8},"end":{"line":366,"column":8}},{"start":{"line":366,"column":8},"end":{"line":366,"column":8}}]},"18":{"line":368,"type":"if","locations":[{"start":{"line":368,"column":8},"end":{"line":368,"column":8}},{"start":{"line":368,"column":8},"end":{"line":368,"column":8}}]},"19":{"line":370,"type":"if","locations":[{"start":{"line":370,"column":12},"end":{"line":370,"column":12}},{"start":{"line":370,"column":12},"end":{"line":370,"column":12}}]},"20":{"line":378,"type":"if","locations":[{"start":{"line":378,"column":12},"end":{"line":378,"column":12}},{"start":{"line":378,"column":12},"end":{"line":378,"column":12}}]},"21":{"line":378,"type":"cond-expr","locations":[{"start":{"line":378,"column":16},"end":{"line":378,"column":52}},{"start":{"line":378,"column":57},"end":{"line":378,"column":104}}]}}},"contracts/facets/ClientFacet.sol":{"l":{"28":16,"33":35,"34":35,"42":3,"43":2,"46":1,"49":1,"52":1,"58":46,"70":1,"78":48,"79":48,"80":48,"81":2,"84":46,"87":46,"93":45,"96":45,"97":45,"100":45,"111":45,"113":44},"path":"/mnt/d/SmartContracts/Ethereum/randomizer-diamond/contracts/facets/ClientFacet.sol","s":{"1":16,"2":35,"3":3,"4":1,"5":1,"6":46,"7":1,"8":48,"9":48,"10":48,"11":46,"12":46,"13":45,"14":45,"15":44},"b":{"1":[2,1],"2":[2,46],"3":[1,1],"4":[1,45],"5":[0,1]},"f":{"1":16,"2":35,"3":3,"4":46,"5":1,"6":48},"fnMap":{"1":{"name":"clientBalanceOf","line":27,"loc":{"start":{"line":27,"column":4},"end":{"line":29,"column":4}}},"2":{"name":"clientDeposit","line":32,"loc":{"start":{"line":32,"column":4},"end":{"line":35,"column":4}}},"3":{"name":"clientWithdrawTo","line":40,"loc":{"start":{"line":40,"column":4},"end":{"line":53,"column":4}}},"4":{"name":"estimateFee","line":57,"loc":{"start":{"line":57,"column":4},"end":{"line":61,"column":4}}},"5":{"name":"estimateFeeUsingGasPrice","line":65,"loc":{"start":{"line":65,"column":4},"end":{"line":73,"column":4}}},"6":{"name":"request","line":76,"loc":{"start":{"line":76,"column":4},"end":{"line":114,"column":4}}}},"statementMap":{"1":{"start":{"line":28,"column":8},"end":{"line":28,"column":62}},"2":{"start":{"line":34,"column":8},"end":{"line":34,"column":56}},"3":{"start":{"line":42,"column":8},"end":{"line":42,"column":2101}},"4":{"start":{"line":49,"column":8},"end":{"line":49,"column":55}},"5":{"start":{"line":52,"column":8},"end":{"line":52,"column":33}},"6":{"start":{"line":58,"column":8},"end":{"line":58,"column":2870}},"7":{"start":{"line":70,"column":8},"end":{"line":70,"column":3470}},"8":{"start":{"line":78,"column":8},"end":{"line":78,"column":88}},"9":{"start":{"line":79,"column":8},"end":{"line":79,"column":88}},"10":{"start":{"line":80,"column":8},"end":{"line":80,"column":4095}},"11":{"start":{"line":84,"column":8},"end":{"line":84,"column":61}},"12":{"start":{"line":87,"column":8},"end":{"line":87,"column":4501}},"13":{"start":{"line":100,"column":8},"end":{"line":100,"column":5009}},"14":{"start":{"line":111,"column":8},"end":{"line":111,"column":45}},"15":{"start":{"line":113,"column":8},"end":{"line":113,"column":17}}},"branchMap":{"1":{"line":42,"type":"if","locations":[{"start":{"line":42,"column":8},"end":{"line":42,"column":8}},{"start":{"line":42,"column":8},"end":{"line":42,"column":8}}]},"2":{"line":80,"type":"if","locations":[{"start":{"line":80,"column":8},"end":{"line":80,"column":8}},{"start":{"line":80,"column":8},"end":{"line":80,"column":8}}]},"3":{"line":80,"type":"cond-expr","locations":[{"start":{"line":80,"column":12},"end":{"line":80,"column":49}},{"start":{"line":80,"column":54},"end":{"line":80,"column":91}}]},"4":{"line":87,"type":"if","locations":[{"start":{"line":87,"column":8},"end":{"line":87,"column":8}},{"start":{"line":87,"column":8},"end":{"line":87,"column":8}}]},"5":{"line":88,"type":"cond-expr","locations":[{"start":{"line":88,"column":12},"end":{"line":88,"column":63}},{"start":{"line":89,"column":12},"end":{"line":89,"column":80}}]}}},"contracts/facets/DiamondCutFacet.sol":{"l":{"27":82,"28":82},"path":"/mnt/d/SmartContracts/Ethereum/randomizer-diamond/contracts/facets/DiamondCutFacet.sol","s":{"1":82,"2":82},"b":{},"f":{"1":82},"fnMap":{"1":{"name":"diamondCut","line":22,"loc":{"start":{"line":22,"column":4},"end":{"line":29,"column":4}}}},"statementMap":{"1":{"start":{"line":27,"column":8},"end":{"line":27,"column":42}},"2":{"start":{"line":28,"column":8},"end":{"line":28,"column":59}}},"branchMap":{}},"contracts/facets/DiamondLoupeFacet.sol":{"l":{"28":0,"29":0,"30":0,"31":0,"32":0,"33":0,"34":0,"47":0,"48":0,"54":0,"55":0,"63":0,"64":0,"69":0,"70":0},"path":"/mnt/d/SmartContracts/Ethereum/randomizer-diamond/contracts/facets/DiamondLoupeFacet.sol","s":{"1":0,"2":0,"3":0,"4":0,"5":0,"6":0,"7":0,"8":0,"9":0},"b":{},"f":{"1":0,"2":0,"3":0,"4":0,"5":0},"fnMap":{"1":{"name":"facets","line":27,"loc":{"start":{"line":27,"column":4},"end":{"line":36,"column":4}}},"2":{"name":"facetFunctionSelectors","line":41,"loc":{"start":{"line":41,"column":4},"end":{"line":49,"column":4}}},"3":{"name":"facetAddresses","line":53,"loc":{"start":{"line":53,"column":4},"end":{"line":56,"column":4}}},"4":{"name":"facetAddress","line":62,"loc":{"start":{"line":62,"column":4},"end":{"line":65,"column":4}}},"5":{"name":"supportsInterface","line":68,"loc":{"start":{"line":68,"column":4},"end":{"line":71,"column":4}}}},"statementMap":{"1":{"start":{"line":28,"column":8},"end":{"line":28,"column":74}},"2":{"start":{"line":29,"column":8},"end":{"line":29,"column":52}},"3":{"start":{"line":31,"column":8},"end":{"line":31,"column":1352}},"4":{"start":{"line":32,"column":12},"end":{"line":32,"column":56}},"5":{"start":{"line":47,"column":8},"end":{"line":47,"column":74}},"6":{"start":{"line":54,"column":8},"end":{"line":54,"column":74}},"7":{"start":{"line":63,"column":8},"end":{"line":63,"column":74}},"8":{"start":{"line":69,"column":8},"end":{"line":69,"column":74}},"9":{"start":{"line":70,"column":8},"end":{"line":70,"column":51}}},"branchMap":{}},"contracts/facets/OwnershipFacet.sol":{"l":{"8":17,"9":16,"13":16,"14":15,"18":3,"19":1,"23":1,"27":3},"path":"/mnt/d/SmartContracts/Ethereum/randomizer-diamond/contracts/facets/OwnershipFacet.sol","s":{"1":17,"2":16,"3":16,"4":15,"5":3,"6":1},"b":{},"f":{"1":17,"2":16,"3":3,"4":1,"5":3},"fnMap":{"1":{"name":"proposeOwnership","line":7,"loc":{"start":{"line":7,"column":4},"end":{"line":10,"column":4}}},"2":{"name":"acceptOwnership","line":12,"loc":{"start":{"line":12,"column":4},"end":{"line":15,"column":4}}},"3":{"name":"cancelProposeOwnership","line":17,"loc":{"start":{"line":17,"column":4},"end":{"line":20,"column":4}}},"4":{"name":"owner","line":22,"loc":{"start":{"line":22,"column":4},"end":{"line":24,"column":4}}},"5":{"name":"proposedOwner","line":26,"loc":{"start":{"line":26,"column":4},"end":{"line":28,"column":4}}}},"statementMap":{"1":{"start":{"line":8,"column":8},"end":{"line":8,"column":42}},"2":{"start":{"line":9,"column":8},"end":{"line":9,"column":58}},"3":{"start":{"line":13,"column":8},"end":{"line":13,"column":50}},"4":{"start":{"line":14,"column":8},"end":{"line":14,"column":47}},"5":{"start":{"line":18,"column":8},"end":{"line":18,"column":59}},"6":{"start":{"line":19,"column":8},"end":{"line":19,"column":47}}},"branchMap":{}},"contracts/facets/RenewFacet.sol":{"l":{"39":14,"50":3,"58":31,"60":31,"62":31,"63":31,"65":31,"67":31,"68":31,"69":1,"76":30,"78":30,"79":30,"80":30,"81":30,"82":6,"83":6,"91":19,"92":19,"95":30,"96":12,"105":18,"106":18,"107":18,"108":18,"109":36,"110":24,"111":24,"112":24,"113":24,"120":18,"121":1,"122":1,"123":1,"124":1,"128":18,"129":1,"134":17,"138":17,"139":17,"140":51,"142":23,"144":23,"151":23,"158":3,"159":3,"163":17,"164":17,"165":17,"167":17,"180":17,"182":17,"183":17,"186":17,"187":17,"188":16,"189":1,"190":1,"191":1,"192":1,"195":1,"196":1,"197":0,"198":0,"200":1,"202":15,"204":15,"205":15,"207":15,"212":15,"214":15,"217":1,"218":1,"222":17,"226":25,"227":25,"228":25,"229":25,"230":25,"239":17,"248":17,"249":17,"250":17,"252":17,"254":74,"259":46,"260":46,"261":46,"263":46,"264":120,"265":11,"266":11,"267":11,"271":46,"272":35,"273":81,"274":12,"275":12,"280":46,"281":23,"282":23,"285":23,"289":28,"290":28,"294":17},"path":"/mnt/d/SmartContracts/Ethereum/randomizer-diamond/contracts/facets/RenewFacet.sol","s":{"1":14,"2":3,"3":31,"4":31,"5":31,"6":31,"7":31,"8":31,"9":31,"10":30,"11":30,"12":30,"13":30,"14":24,"15":30,"16":18,"17":18,"18":18,"19":18,"20":36,"21":24,"22":24,"23":18,"24":1,"25":1,"26":18,"27":17,"28":17,"29":51,"30":23,"31":23,"32":23,"33":3,"34":3,"35":17,"36":17,"37":17,"38":17,"39":17,"40":17,"41":16,"42":1,"43":1,"44":0,"45":15,"46":15,"47":17,"48":25,"49":25,"50":25,"51":17,"52":17,"53":17,"54":17,"55":17,"56":74,"57":46,"58":46,"59":46,"60":46,"61":120,"62":46,"63":35,"64":81,"65":46,"66":17},"b":{"1":[0,31],"2":[0,31],"3":[1,30],"4":[6,24],"5":[19,5],"6":[12,18],"7":[12,0],"8":[24,12],"9":[1,17],"10":[1,17],"11":[1,0],"12":[28,23],"13":[17,6],"14":[3,20],"15":[3,0],"16":[16,1],"17":[1,15],"18":[1,0],"19":[0,1],"20":[25,0],"21":[23,2],"22":[46,28],"23":[45,1],"24":[11,109],"25":[35,11],"26":[12,69],"27":[23,23]},"f":{"1":14,"2":3,"3":31,"4":25,"5":17},"fnMap":{"1":{"name":"getRequest","line":28,"loc":{"start":{"line":28,"column":4},"end":{"line":46,"column":4}}},"2":{"name":"getFeeStats","line":49,"loc":{"start":{"line":49,"column":4},"end":{"line":51,"column":4}}},"3":{"name":"renewRequest","line":53,"loc":{"start":{"line":53,"column":4},"end":{"line":223,"column":4}}},"4":{"name":"_strikeBeacon","line":225,"loc":{"start":{"line":225,"column":4},"end":{"line":231,"column":4}}},"5":{"name":"_replaceNonSubmitters","line":234,"loc":{"start":{"line":234,"column":4},"end":{"line":295,"column":4}}}},"statementMap":{"1":{"start":{"line":39,"column":8},"end":{"line":39,"column":1220}},"2":{"start":{"line":50,"column":8},"end":{"line":50,"column":79}},"3":{"start":{"line":58,"column":8},"end":{"line":58,"column":57}},"4":{"start":{"line":60,"column":8},"end":{"line":60,"column":84}},"5":{"start":{"line":62,"column":8},"end":{"line":62,"column":83}},"6":{"start":{"line":63,"column":8},"end":{"line":63,"column":77}},"7":{"start":{"line":65,"column":8},"end":{"line":65,"column":70}},"8":{"start":{"line":67,"column":8},"end":{"line":67,"column":103}},"9":{"start":{"line":68,"column":8},"end":{"line":68,"column":2511}},"10":{"start":{"line":76,"column":8},"end":{"line":76,"column":66}},"11":{"start":{"line":79,"column":12},"end":{"line":79,"column":89}},"12":{"start":{"line":80,"column":12},"end":{"line":80,"column":94}},"13":{"start":{"line":81,"column":12},"end":{"line":81,"column":3193}},"14":{"start":{"line":84,"column":19},"end":{"line":84,"column":3392}},"15":{"start":{"line":95,"column":12},"end":{"line":95,"column":4081}},"16":{"start":{"line":105,"column":8},"end":{"line":105,"column":59}},"17":{"start":{"line":106,"column":8},"end":{"line":106,"column":36}},"18":{"start":{"line":107,"column":8},"end":{"line":107,"column":55}},"19":{"start":{"line":108,"column":8},"end":{"line":108,"column":4620}},"20":{"start":{"line":109,"column":12},"end":{"line":109,"column":4667}},"21":{"start":{"line":110,"column":16},"end":{"line":110,"column":53}},"22":{"start":{"line":111,"column":16},"end":{"line":111,"column":43}},"23":{"start":{"line":120,"column":8},"end":{"line":120,"column":5197}},"24":{"start":{"line":121,"column":12},"end":{"line":121,"column":49}},"25":{"start":{"line":122,"column":12},"end":{"line":122,"column":39}},"26":{"start":{"line":128,"column":8},"end":{"line":128,"column":5505}},"27":{"start":{"line":138,"column":8},"end":{"line":138,"column":33}},"28":{"start":{"line":139,"column":8},"end":{"line":139,"column":5990}},"29":{"start":{"line":140,"column":12},"end":{"line":140,"column":58}},"30":{"start":{"line":142,"column":12},"end":{"line":142,"column":87}},"31":{"start":{"line":144,"column":12},"end":{"line":144,"column":69}},"32":{"start":{"line":151,"column":12},"end":{"line":151,"column":6710}},"33":{"start":{"line":158,"column":16},"end":{"line":158,"column":48}},"34":{"start":{"line":159,"column":16},"end":{"line":159,"column":108}},"35":{"start":{"line":167,"column":8},"end":{"line":167,"column":7500}},"36":{"start":{"line":180,"column":8},"end":{"line":180,"column":102}},"37":{"start":{"line":182,"column":8},"end":{"line":182,"column":62}},"38":{"start":{"line":183,"column":8},"end":{"line":183,"column":55}},"39":{"start":{"line":186,"column":8},"end":{"line":186,"column":68}},"40":{"start":{"line":187,"column":8},"end":{"line":187,"column":8442}},"41":{"start":{"line":188,"column":12},"end":{"line":188,"column":8486}},"42":{"start":{"line":192,"column":16},"end":{"line":192,"column":81}},"43":{"start":{"line":196,"column":16},"end":{"line":196,"column":9032}},"44":{"start":{"line":198,"column":20},"end":{"line":198,"column":96}},"45":{"start":{"line":212,"column":16},"end":{"line":212,"column":81}},"46":{"start":{"line":214,"column":16},"end":{"line":214,"column":92}},"47":{"start":{"line":222,"column":8},"end":{"line":222,"column":104}},"48":{"start":{"line":226,"column":8},"end":{"line":226,"column":52}},"49":{"start":{"line":227,"column":8},"end":{"line":227,"column":51}},"50":{"start":{"line":229,"column":8},"end":{"line":229,"column":56}},"51":{"start":{"line":239,"column":8},"end":{"line":239,"column":11171}},"52":{"start":{"line":248,"column":8},"end":{"line":248,"column":44}},"53":{"start":{"line":249,"column":8},"end":{"line":249,"column":17}},"54":{"start":{"line":250,"column":8},"end":{"line":250,"column":45}},"55":{"start":{"line":252,"column":8},"end":{"line":252,"column":11539}},"56":{"start":{"line":254,"column":12},"end":{"line":254,"column":11605}},"57":{"start":{"line":259,"column":16},"end":{"line":259,"column":74}},"58":{"start":{"line":260,"column":16},"end":{"line":260,"column":67}},"59":{"start":{"line":261,"column":16},"end":{"line":261,"column":30}},"60":{"start":{"line":263,"column":16},"end":{"line":263,"column":12081}},"61":{"start":{"line":264,"column":20},"end":{"line":264,"column":12136}},"62":{"start":{"line":271,"column":16},"end":{"line":271,"column":12421}},"63":{"start":{"line":272,"column":20},"end":{"line":272,"column":12464}},"64":{"start":{"line":273,"column":24},"end":{"line":273,"column":12523}},"65":{"start":{"line":280,"column":16},"end":{"line":280,"column":12822}},"66":{"start":{"line":294,"column":8},"end":{"line":294,"column":33}}},"branchMap":{"1":{"line":58,"type":"if","locations":[{"start":{"line":58,"column":8},"end":{"line":58,"column":8}},{"start":{"line":58,"column":8},"end":{"line":58,"column":8}}]},"2":{"line":65,"type":"if","locations":[{"start":{"line":65,"column":8},"end":{"line":65,"column":8}},{"start":{"line":65,"column":8},"end":{"line":65,"column":8}}]},"3":{"line":68,"type":"if","locations":[{"start":{"line":68,"column":8},"end":{"line":68,"column":8}},{"start":{"line":68,"column":8},"end":{"line":68,"column":8}}]},"4":{"line":81,"type":"if","locations":[{"start":{"line":81,"column":12},"end":{"line":81,"column":12}},{"start":{"line":81,"column":12},"end":{"line":81,"column":12}}]},"5":{"line":84,"type":"if","locations":[{"start":{"line":84,"column":19},"end":{"line":84,"column":19}},{"start":{"line":84,"column":19},"end":{"line":84,"column":19}}]},"6":{"line":95,"type":"if","locations":[{"start":{"line":95,"column":12},"end":{"line":95,"column":12}},{"start":{"line":95,"column":12},"end":{"line":95,"column":12}}]},"7":{"line":95,"type":"cond-expr","locations":[{"start":{"line":95,"column":16},"end":{"line":95,"column":60}},{"start":{"line":95,"column":65},"end":{"line":95,"column":100}}]},"8":{"line":109,"type":"if","locations":[{"start":{"line":109,"column":12},"end":{"line":109,"column":12}},{"start":{"line":109,"column":12},"end":{"line":109,"column":12}}]},"9":{"line":120,"type":"if","locations":[{"start":{"line":120,"column":8},"end":{"line":120,"column":8}},{"start":{"line":120,"column":8},"end":{"line":120,"column":8}}]},"10":{"line":128,"type":"if","locations":[{"start":{"line":128,"column":8},"end":{"line":128,"column":8}},{"start":{"line":128,"column":8},"end":{"line":128,"column":8}}]},"11":{"line":128,"type":"cond-expr","locations":[{"start":{"line":128,"column":12},"end":{"line":128,"column":31}},{"start":{"line":128,"column":36},"end":{"line":128,"column":80}}]},"12":{"line":140,"type":"if","locations":[{"start":{"line":140,"column":12},"end":{"line":140,"column":12}},{"start":{"line":140,"column":12},"end":{"line":140,"column":12}}]},"13":{"line":142,"type":"if","locations":[{"start":{"line":142,"column":12},"end":{"line":142,"column":12}},{"start":{"line":142,"column":12},"end":{"line":142,"column":12}}]},"14":{"line":151,"type":"if","locations":[{"start":{"line":151,"column":12},"end":{"line":151,"column":12}},{"start":{"line":151,"column":12},"end":{"line":151,"column":12}}]},"15":{"line":153,"type":"cond-expr","locations":[{"start":{"line":153,"column":17},"end":{"line":153,"column":97}},{"start":{"line":155,"column":20},"end":{"line":155,"column":83}}]},"16":{"line":187,"type":"if","locations":[{"start":{"line":187,"column":8},"end":{"line":187,"column":8}},{"start":{"line":187,"column":8},"end":{"line":187,"column":8}}]},"17":{"line":188,"type":"if","locations":[{"start":{"line":188,"column":12},"end":{"line":188,"column":12}},{"start":{"line":188,"column":12},"end":{"line":188,"column":12}}]},"18":{"line":190,"type":"if","locations":[{"start":{"line":190,"column":52},"end":{"line":190,"column":62}},{"start":{"line":190,"column":66},"end":{"line":190,"column":73}}]},"19":{"line":196,"type":"if","locations":[{"start":{"line":196,"column":16},"end":{"line":196,"column":16}},{"start":{"line":196,"column":16},"end":{"line":196,"column":16}}]},"20":{"line":227,"type":"if","locations":[{"start":{"line":227,"column":8},"end":{"line":227,"column":8}},{"start":{"line":227,"column":8},"end":{"line":227,"column":8}}]},"21":{"line":229,"type":"if","locations":[{"start":{"line":229,"column":8},"end":{"line":229,"column":8}},{"start":{"line":229,"column":8},"end":{"line":229,"column":8}}]},"22":{"line":254,"type":"if","locations":[{"start":{"line":254,"column":12},"end":{"line":254,"column":12}},{"start":{"line":254,"column":12},"end":{"line":254,"column":12}}]},"23":{"line":255,"type":"cond-expr","locations":[{"start":{"line":255,"column":16},"end":{"line":255,"column":80}},{"start":{"line":256,"column":16},"end":{"line":256,"column":52}}]},"24":{"line":264,"type":"if","locations":[{"start":{"line":264,"column":20},"end":{"line":264,"column":20}},{"start":{"line":264,"column":20},"end":{"line":264,"column":20}}]},"25":{"line":271,"type":"if","locations":[{"start":{"line":271,"column":16},"end":{"line":271,"column":16}},{"start":{"line":271,"column":16},"end":{"line":271,"column":16}}]},"26":{"line":273,"type":"if","locations":[{"start":{"line":273,"column":24},"end":{"line":273,"column":24}},{"start":{"line":273,"column":24},"end":{"line":273,"column":24}}]},"27":{"line":280,"type":"if","locations":[{"start":{"line":280,"column":16},"end":{"line":280,"column":16}},{"start":{"line":280,"column":16},"end":{"line":280,"column":16}}]}}},"contracts/facets/VRFFacet.sol":{"l":{"9":0,"19":2,"23":0,"31":50},"path":"/mnt/d/SmartContracts/Ethereum/randomizer-diamond/contracts/facets/VRFFacet.sol","s":{"1":0,"2":2,"3":0,"4":50},"b":{},"f":{"1":0,"2":2,"3":0,"4":50},"fnMap":{"1":{"name":"verify","line":4,"loc":{"start":{"line":4,"column":4},"end":{"line":10,"column":4}}},"2":{"name":"fastVerify","line":12,"loc":{"start":{"line":12,"column":4},"end":{"line":20,"column":4}}},"3":{"name":"gammaToHash","line":22,"loc":{"start":{"line":22,"column":4},"end":{"line":24,"column":4}}},"4":{"name":"computeFastVerifyParams","line":26,"loc":{"start":{"line":26,"column":4},"end":{"line":32,"column":4}}}},"statementMap":{"1":{"start":{"line":9,"column":8},"end":{"line":9,"column":58}},"2":{"start":{"line":19,"column":8},"end":{"line":19,"column":85}},"3":{"start":{"line":23,"column":8},"end":{"line":23,"column":51}},"4":{"start":{"line":31,"column":8},"end":{"line":31,"column":75}}},"branchMap":{}},"contracts/interfaces/IDiamondCut.sol":{"l":{},"path":"/mnt/d/SmartContracts/Ethereum/randomizer-diamond/contracts/interfaces/IDiamondCut.sol","s":{},"b":{},"f":{},"fnMap":{},"statementMap":{},"branchMap":{}},"contracts/interfaces/IDiamondLoupe.sol":{"l":{},"path":"/mnt/d/SmartContracts/Ethereum/randomizer-diamond/contracts/interfaces/IDiamondLoupe.sol","s":{},"b":{},"f":{},"fnMap":{},"statementMap":{},"branchMap":{}},"contracts/interfaces/IERC165.sol":{"l":{},"path":"/mnt/d/SmartContracts/Ethereum/randomizer-diamond/contracts/interfaces/IERC165.sol","s":{},"b":{},"f":{},"fnMap":{},"statementMap":{},"branchMap":{}},"contracts/libraries/Constants.sol":{"l":{},"path":"/mnt/d/SmartContracts/Ethereum/randomizer-diamond/contracts/libraries/Constants.sol","s":{},"b":{},"f":{},"fnMap":{},"statementMap":{},"branchMap":{}},"contracts/libraries/EllipticCurve.sol":{"l":{"28":290,"29":290,"30":290,"31":290,"32":290,"33":290,"34":43729,"35":43729,"36":43729,"39":290,"48":263,"50":263,"51":263,"53":263,"54":263,"55":263,"69":263,"82":290,"83":290,"84":290,"85":290,"87":290,"95":263,"98":263,"99":263,"101":263,"103":263,"111":263,"112":0,"115":263,"117":263,"118":263,"120":0,"122":263,"124":263,"127":263,"135":90,"150":90,"151":90,"152":90,"155":90,"157":0,"158":0,"161":0,"164":90,"167":90,"183":90,"185":90,"199":200,"201":200,"228":18954,"229":18754,"232":18754,"234":18754,"235":18754,"236":18754,"237":18754,"240":18754,"243":18754,"245":18754,"247":18754,"249":18754,"251":18754,"253":18754,"255":18754,"256":18754,"258":18754,"259":18754,"261":18754,"262":18754,"283":38226,"288":38226,"290":38226,"292":38226,"296":38226,"298":38226,"303":38226,"305":38226,"307":38226,"309":38226,"333":200,"334":0,"337":200,"338":200,"339":200,"340":200,"343":200,"344":38226,"345":18864,"347":38226,"348":38226,"350":200},"path":"/mnt/d/SmartContracts/Ethereum/randomizer-diamond/contracts/libraries/EllipticCurve.sol","s":{"1":290,"2":290,"3":290,"4":290,"5":290,"6":290,"7":290,"8":263,"9":263,"10":0,"11":263,"12":0,"13":263,"14":263,"15":263,"16":290,"17":290,"18":290,"19":290,"20":290,"21":263,"22":263,"23":263,"24":263,"25":263,"26":0,"27":263,"28":263,"29":263,"30":263,"31":263,"32":90,"33":90,"34":90,"35":90,"36":90,"37":0,"38":0,"39":90,"40":90,"41":90,"42":200,"43":200,"44":18954,"45":200,"46":18754,"47":0,"48":18754,"49":18754,"50":18754,"51":18754,"52":18754,"53":18754,"54":18754,"55":38226,"56":0,"57":38226,"58":38226,"59":38226,"60":38226,"61":38226,"62":38226,"63":200,"64":0,"65":200,"66":200,"67":200,"68":200,"69":200,"70":38226,"71":200},"b":{"1":[290,0],"2":[263,0],"3":[0,263],"4":[0,263],"5":[263,0],"6":[263,0],"7":[151,112],"8":[0,263],"9":[0,0],"10":[0,0],"11":[0,0],"12":[0,263],"13":[263,0],"14":[0,90],"15":[0,0],"16":[200,18754],"17":[0,18754],"18":[18754,0],"19":[18754,0],"20":[0,38226],"21":[0,200],"22":[18864,19362]},"f":{"1":290,"2":263,"3":290,"4":263,"5":263,"6":90,"7":90,"8":90,"9":200,"10":18954,"11":38226,"12":200},"fnMap":{"1":{"name":"invMod","line":27,"loc":{"start":{"line":27,"column":4},"end":{"line":40,"column":4}}},"2":{"name":"expMod","line":47,"loc":{"start":{"line":47,"column":4},"end":{"line":70,"column":4}}},"3":{"name":"toAffine","line":77,"loc":{"start":{"line":77,"column":4},"end":{"line":88,"column":4}}},"4":{"name":"deriveY","line":94,"loc":{"start":{"line":94,"column":4},"end":{"line":104,"column":4}}},"5":{"name":"isOnCurve","line":110,"loc":{"start":{"line":110,"column":4},"end":{"line":128,"column":4}}},"6":{"name":"ecInv","line":134,"loc":{"start":{"line":134,"column":4},"end":{"line":136,"column":4}}},"7":{"name":"ecAdd","line":144,"loc":{"start":{"line":144,"column":4},"end":{"line":168,"column":4}}},"8":{"name":"ecSub","line":176,"loc":{"start":{"line":176,"column":4},"end":{"line":186,"column":4}}},"9":{"name":"ecMul","line":193,"loc":{"start":{"line":193,"column":4},"end":{"line":202,"column":4}}},"10":{"name":"jacAdd","line":212,"loc":{"start":{"line":212,"column":4},"end":{"line":263,"column":4}}},"11":{"name":"jacDouble","line":270,"loc":{"start":{"line":270,"column":4},"end":{"line":310,"column":4}}},"12":{"name":"jacMul","line":318,"loc":{"start":{"line":318,"column":4},"end":{"line":351,"column":4}}}},"statementMap":{"1":{"start":{"line":28,"column":8},"end":{"line":28,"column":53}},"2":{"start":{"line":29,"column":8},"end":{"line":29,"column":21}},"3":{"start":{"line":30,"column":8},"end":{"line":30,"column":24}},"4":{"start":{"line":31,"column":8},"end":{"line":31,"column":22}},"5":{"start":{"line":32,"column":8},"end":{"line":32,"column":17}},"6":{"start":{"line":33,"column":8},"end":{"line":33,"column":1293}},"7":{"start":{"line":39,"column":8},"end":{"line":39,"column":16}},"8":{"start":{"line":48,"column":8},"end":{"line":48,"column":42}},"9":{"start":{"line":50,"column":8},"end":{"line":50,"column":32}},"10":{"start":{"line":50,"column":24},"end":{"line":50,"column":32}},"11":{"start":{"line":51,"column":8},"end":{"line":51,"column":31}},"12":{"start":{"line":51,"column":23},"end":{"line":51,"column":31}},"13":{"start":{"line":53,"column":8},"end":{"line":53,"column":21}},"14":{"start":{"line":54,"column":8},"end":{"line":54,"column":37}},"15":{"start":{"line":69,"column":8},"end":{"line":69,"column":16}},"16":{"start":{"line":82,"column":8},"end":{"line":82,"column":33}},"17":{"start":{"line":83,"column":8},"end":{"line":83,"column":46}},"18":{"start":{"line":84,"column":8},"end":{"line":84,"column":42}},"19":{"start":{"line":85,"column":8},"end":{"line":85,"column":60}},"20":{"start":{"line":87,"column":8},"end":{"line":87,"column":23}},"21":{"start":{"line":95,"column":8},"end":{"line":95,"column":88}},"22":{"start":{"line":98,"column":8},"end":{"line":98,"column":103}},"23":{"start":{"line":101,"column":8},"end":{"line":101,"column":58}},"24":{"start":{"line":103,"column":8},"end":{"line":103,"column":16}},"25":{"start":{"line":111,"column":8},"end":{"line":111,"column":4242}},"26":{"start":{"line":112,"column":12},"end":{"line":112,"column":24}},"27":{"start":{"line":115,"column":8},"end":{"line":115,"column":40}},"28":{"start":{"line":117,"column":8},"end":{"line":117,"column":56}},"29":{"start":{"line":118,"column":8},"end":{"line":118,"column":4473}},"30":{"start":{"line":122,"column":8},"end":{"line":122,"column":4590}},"31":{"start":{"line":127,"column":8},"end":{"line":127,"column":25}},"32":{"start":{"line":135,"column":8},"end":{"line":135,"column":35}},"33":{"start":{"line":150,"column":8},"end":{"line":150,"column":21}},"34":{"start":{"line":151,"column":8},"end":{"line":151,"column":21}},"35":{"start":{"line":152,"column":8},"end":{"line":152,"column":21}},"36":{"start":{"line":155,"column":8},"end":{"line":155,"column":5582}},"37":{"start":{"line":157,"column":12},"end":{"line":157,"column":5648}},"38":{"start":{"line":158,"column":16},"end":{"line":158,"column":29}},"39":{"start":{"line":167,"column":8},"end":{"line":167,"column":32}},"40":{"start":{"line":183,"column":8},"end":{"line":183,"column":48}},"41":{"start":{"line":185,"column":8},"end":{"line":185,"column":36}},"42":{"start":{"line":199,"column":8},"end":{"line":199,"column":68}},"43":{"start":{"line":201,"column":8},"end":{"line":201,"column":35}},"44":{"start":{"line":228,"column":8},"end":{"line":228,"column":56}},"45":{"start":{"line":228,"column":34},"end":{"line":228,"column":56}},"46":{"start":{"line":229,"column":8},"end":{"line":229,"column":56}},"47":{"start":{"line":229,"column":34},"end":{"line":229,"column":56}},"48":{"start":{"line":232,"column":8},"end":{"line":232,"column":28}},"49":{"start":{"line":243,"column":8},"end":{"line":243,"column":82}},"50":{"start":{"line":245,"column":8},"end":{"line":245,"column":28}},"51":{"start":{"line":255,"column":8},"end":{"line":255,"column":69}},"52":{"start":{"line":258,"column":8},"end":{"line":258,"column":85}},"53":{"start":{"line":261,"column":8},"end":{"line":261,"column":60}},"54":{"start":{"line":262,"column":8},"end":{"line":262,"column":27}},"55":{"start":{"line":283,"column":8},"end":{"line":283,"column":40}},"56":{"start":{"line":283,"column":21},"end":{"line":283,"column":40}},"57":{"start":{"line":288,"column":8},"end":{"line":288,"column":38}},"58":{"start":{"line":290,"column":8},"end":{"line":290,"column":38}},"59":{"start":{"line":292,"column":8},"end":{"line":292,"column":38}},"60":{"start":{"line":296,"column":8},"end":{"line":296,"column":52}},"61":{"start":{"line":298,"column":8},"end":{"line":298,"column":82}},"62":{"start":{"line":309,"column":8},"end":{"line":309,"column":24}},"63":{"start":{"line":333,"column":8},"end":{"line":333,"column":11552}},"64":{"start":{"line":334,"column":12},"end":{"line":334,"column":31}},"65":{"start":{"line":337,"column":8},"end":{"line":337,"column":30}},"66":{"start":{"line":338,"column":8},"end":{"line":338,"column":22}},"67":{"start":{"line":339,"column":8},"end":{"line":339,"column":22}},"68":{"start":{"line":340,"column":8},"end":{"line":340,"column":22}},"69":{"start":{"line":343,"column":8},"end":{"line":343,"column":11770}},"70":{"start":{"line":344,"column":12},"end":{"line":344,"column":11812}},"71":{"start":{"line":350,"column":8},"end":{"line":350,"column":27}}},"branchMap":{"1":{"line":28,"type":"if","locations":[{"start":{"line":28,"column":8},"end":{"line":28,"column":8}},{"start":{"line":28,"column":8},"end":{"line":28,"column":8}}]},"2":{"line":48,"type":"if","locations":[{"start":{"line":48,"column":8},"end":{"line":48,"column":8}},{"start":{"line":48,"column":8},"end":{"line":48,"column":8}}]},"3":{"line":50,"type":"if","locations":[{"start":{"line":50,"column":8},"end":{"line":50,"column":8}},{"start":{"line":50,"column":8},"end":{"line":50,"column":8}}]},"4":{"line":51,"type":"if","locations":[{"start":{"line":51,"column":8},"end":{"line":51,"column":8}},{"start":{"line":51,"column":8},"end":{"line":51,"column":8}}]},"5":{"line":95,"type":"if","locations":[{"start":{"line":95,"column":8},"end":{"line":95,"column":8}},{"start":{"line":95,"column":8},"end":{"line":95,"column":8}}]},"6":{"line":95,"type":"cond-expr","locations":[{"start":{"line":95,"column":16},"end":{"line":95,"column":30}},{"start":{"line":95,"column":35},"end":{"line":95,"column":49}}]},"7":{"line":101,"type":"if","locations":[{"start":{"line":101,"column":46},"end":{"line":101,"column":47}},{"start":{"line":101,"column":51},"end":{"line":101,"column":57}}]},"8":{"line":111,"type":"if","locations":[{"start":{"line":111,"column":8},"end":{"line":111,"column":8}},{"start":{"line":111,"column":8},"end":{"line":111,"column":8}}]},"9":{"line":111,"type":"cond-expr","locations":[{"start":{"line":111,"column":12},"end":{"line":111,"column":18}},{"start":{"line":111,"column":23},"end":{"line":111,"column":30}}]},"10":{"line":111,"type":"cond-expr","locations":[{"start":{"line":111,"column":12},"end":{"line":111,"column":30}},{"start":{"line":111,"column":35},"end":{"line":111,"column":41}}]},"11":{"line":111,"type":"cond-expr","locations":[{"start":{"line":111,"column":12},"end":{"line":111,"column":41}},{"start":{"line":111,"column":46},"end":{"line":111,"column":53}}]},"12":{"line":118,"type":"if","locations":[{"start":{"line":118,"column":8},"end":{"line":118,"column":8}},{"start":{"line":118,"column":8},"end":{"line":118,"column":8}}]},"13":{"line":122,"type":"if","locations":[{"start":{"line":122,"column":8},"end":{"line":122,"column":8}},{"start":{"line":122,"column":8},"end":{"line":122,"column":8}}]},"14":{"line":155,"type":"if","locations":[{"start":{"line":155,"column":8},"end":{"line":155,"column":8}},{"start":{"line":155,"column":8},"end":{"line":155,"column":8}}]},"15":{"line":157,"type":"if","locations":[{"start":{"line":157,"column":12},"end":{"line":157,"column":12}},{"start":{"line":157,"column":12},"end":{"line":157,"column":12}}]},"16":{"line":228,"type":"if","locations":[{"start":{"line":228,"column":8},"end":{"line":228,"column":8}},{"start":{"line":228,"column":8},"end":{"line":228,"column":8}}]},"17":{"line":229,"type":"if","locations":[{"start":{"line":229,"column":8},"end":{"line":229,"column":8}},{"start":{"line":229,"column":8},"end":{"line":229,"column":8}}]},"18":{"line":243,"type":"if","locations":[{"start":{"line":243,"column":8},"end":{"line":243,"column":8}},{"start":{"line":243,"column":8},"end":{"line":243,"column":8}}]},"19":{"line":243,"type":"cond-expr","locations":[{"start":{"line":243,"column":16},"end":{"line":243,"column":29}},{"start":{"line":243,"column":34},"end":{"line":243,"column":47}}]},"20":{"line":283,"type":"if","locations":[{"start":{"line":283,"column":8},"end":{"line":283,"column":8}},{"start":{"line":283,"column":8},"end":{"line":283,"column":8}}]},"21":{"line":333,"type":"if","locations":[{"start":{"line":333,"column":8},"end":{"line":333,"column":8}},{"start":{"line":333,"column":8},"end":{"line":333,"column":8}}]},"22":{"line":344,"type":"if","locations":[{"start":{"line":344,"column":12},"end":{"line":344,"column":12}},{"start":{"line":344,"column":12},"end":{"line":344,"column":12}}]}}},"contracts/libraries/Events.sol":{"l":{},"path":"/mnt/d/SmartContracts/Ethereum/randomizer-diamond/contracts/libraries/Events.sol","s":{},"b":{},"f":{},"fnMap":{},"statementMap":{},"branchMap":{}},"contracts/libraries/LibBeacon.sol":{"l":{"21":145,"44":6,"45":6,"53":44,"57":75,"65":44,"78":31,"92":6,"97":6},"path":"/mnt/d/SmartContracts/Ethereum/randomizer-diamond/contracts/libraries/LibBeacon.sol","s":{"1":145,"2":6,"3":6,"4":44,"5":75,"6":44,"7":31,"8":6,"9":6,"10":3},"b":{"1":[3,3]},"f":{"1":145,"2":6,"3":44,"4":75,"5":44,"6":31,"7":6},"fnMap":{"1":{"name":"_generateRequestHash","line":15,"loc":{"start":{"line":15,"column":4},"end":{"line":36,"column":4}}},"2":{"name":"_getFeeCharge","line":38,"loc":{"start":{"line":38,"column":4},"end":{"line":46,"column":4}}},"3":{"name":"_getAccountsAndPackedData","line":48,"loc":{"start":{"line":48,"column":4},"end":{"line":54,"column":4}}},"4":{"name":"_resolveAddressCalldata","line":56,"loc":{"start":{"line":56,"column":4},"end":{"line":58,"column":4}}},"5":{"name":"_resolveUintVrfData","line":60,"loc":{"start":{"line":60,"column":4},"end":{"line":75,"column":4}}},"6":{"name":"_resolveUintData","line":77,"loc":{"start":{"line":77,"column":4},"end":{"line":83,"column":4}}},"7":{"name":"_callback","line":85,"loc":{"start":{"line":85,"column":4},"end":{"line":98,"column":4}}}},"statementMap":{"1":{"start":{"line":21,"column":8},"end":{"line":21,"column":613}},"2":{"start":{"line":44,"column":8},"end":{"line":44,"column":95}},"3":{"start":{"line":45,"column":8},"end":{"line":45,"column":18}},"4":{"start":{"line":53,"column":8},"end":{"line":53,"column":79}},"5":{"start":{"line":57,"column":8},"end":{"line":57,"column":66}},"6":{"start":{"line":65,"column":8},"end":{"line":65,"column":2040}},"7":{"start":{"line":78,"column":8},"end":{"line":78,"column":2589}},"8":{"start":{"line":92,"column":8},"end":{"line":92,"column":3046}},"9":{"start":{"line":97,"column":8},"end":{"line":97,"column":76}},"10":{"start":{"line":97,"column":22},"end":{"line":97,"column":76}}},"branchMap":{"1":{"line":97,"type":"if","locations":[{"start":{"line":97,"column":8},"end":{"line":97,"column":8}},{"start":{"line":97,"column":8},"end":{"line":97,"column":8}}]}}},"contracts/libraries/LibDiamond.sol":{"l":{"46":842,"47":842,"57":132,"58":132,"59":132,"60":132,"64":16,"65":16,"66":16,"70":15,"71":15,"72":15,"73":15,"74":15,"78":1,"79":1,"80":1,"81":1,"85":5,"89":3,"93":127,"97":16,"104":3,"118":214,"119":478,"120":478,"121":478,"123":0,"128":0,"133":0,"136":214,"137":214,"141":478,"142":478,"143":478,"144":478,"146":478,"147":478,"149":478,"150":2138,"151":2138,"152":2138,"153":2138,"154":2138,"159":0,"160":0,"161":0,"162":0,"164":0,"165":0,"167":0,"168":0,"169":0,"170":0,"174":0,"175":0,"176":0,"181":0,"182":0,"184":0,"185":0,"186":0,"187":0,"188":0,"193":478,"194":478,"195":478,"204":2138,"205":2138,"206":2138,"214":0,"216":0,"218":0,"219":0,"221":0,"222":0,"225":0,"226":0,"229":0,"230":0,"233":0,"235":0,"236":0,"237":0,"238":0,"239":0,"240":0,"242":0,"243":0,"248":214,"249":170,"251":44,"252":44,"253":44,"254":0,"257":0,"262":0,"268":522,"269":522,"272":522},"path":"/mnt/d/SmartContracts/Ethereum/randomizer-diamond/contracts/libraries/LibDiamond.sol","s":{"1":842,"2":132,"3":132,"4":132,"5":16,"6":16,"7":15,"8":15,"9":15,"10":1,"11":1,"12":1,"13":127,"14":16,"15":3,"16":214,"17":478,"18":478,"19":478,"20":0,"21":0,"22":0,"23":0,"24":0,"25":214,"26":214,"27":478,"28":478,"29":478,"30":478,"31":478,"32":478,"33":478,"34":2138,"35":2138,"36":2138,"37":2138,"38":0,"39":0,"40":0,"41":0,"42":0,"43":0,"44":0,"45":0,"46":0,"47":0,"48":0,"49":0,"50":0,"51":0,"52":0,"53":0,"54":0,"55":0,"56":0,"57":478,"58":478,"59":2138,"60":0,"61":0,"62":0,"63":0,"64":0,"65":0,"66":0,"67":0,"68":0,"69":0,"70":0,"71":0,"72":0,"73":214,"74":170,"75":44,"76":44,"77":44,"78":0,"79":522,"80":522},"b":{"1":[125,2],"2":[15,1],"3":[1,2],"4":[1,0],"5":[478,0],"6":[0,0],"7":[0,0],"8":[478,0],"9":[478,0],"10":[478,0],"11":[2138,0],"12":[0,0],"13":[0,0],"14":[0,0],"15":[0,0],"16":[0,0],"17":[0,0],"18":[0,0],"19":[0,0],"20":[0,0],"21":[0,0],"22":[0,0],"23":[170,44],"24":[0,44],"25":[0,0],"26":[522,0]},"f":{"1":842,"2":132,"3":16,"4":15,"5":1,"6":5,"7":3,"8":127,"9":16,"10":3,"11":214,"12":478,"13":0,"14":0,"15":478,"16":2138,"17":0,"18":214,"19":522},"fnMap":{"1":{"name":"diamondStorage","line":45,"loc":{"start":{"line":45,"column":4},"end":{"line":50,"column":4}}},"2":{"name":"setContractOwner","line":56,"loc":{"start":{"line":56,"column":4},"end":{"line":61,"column":4}}},"3":{"name":"setProposedContractOwner","line":63,"loc":{"start":{"line":63,"column":4},"end":{"line":67,"column":4}}},"4":{"name":"acceptProposedContractOwner","line":69,"loc":{"start":{"line":69,"column":4},"end":{"line":75,"column":4}}},"5":{"name":"cancelProposedContractOwner","line":77,"loc":{"start":{"line":77,"column":4},"end":{"line":82,"column":4}}},"6":{"name":"contractOwner","line":84,"loc":{"start":{"line":84,"column":4},"end":{"line":86,"column":4}}},"7":{"name":"proposedOwner","line":88,"loc":{"start":{"line":88,"column":4},"end":{"line":90,"column":4}}},"8":{"name":"enforceIsContractOwner","line":92,"loc":{"start":{"line":92,"column":4},"end":{"line":94,"column":4}}},"9":{"name":"enforceIsProposedContractOwner","line":96,"loc":{"start":{"line":96,"column":4},"end":{"line":101,"column":4}}},"10":{"name":"enforceIsCurrentOrProposedContractOwner","line":103,"loc":{"start":{"line":103,"column":4},"end":{"line":108,"column":4}}},"11":{"name":"diamondCut","line":113,"loc":{"start":{"line":113,"column":4},"end":{"line":138,"column":4}}},"12":{"name":"addFunctions","line":140,"loc":{"start":{"line":140,"column":4},"end":{"line":156,"column":4}}},"13":{"name":"replaceFunctions","line":158,"loc":{"start":{"line":158,"column":4},"end":{"line":178,"column":4}}},"14":{"name":"removeFunctions","line":180,"loc":{"start":{"line":180,"column":4},"end":{"line":190,"column":4}}},"15":{"name":"addFacet","line":192,"loc":{"start":{"line":192,"column":4},"end":{"line":196,"column":4}}},"16":{"name":"addFunction","line":198,"loc":{"start":{"line":198,"column":4},"end":{"line":207,"column":4}}},"17":{"name":"removeFunction","line":209,"loc":{"start":{"line":209,"column":4},"end":{"line":245,"column":4}}},"18":{"name":"initializeDiamondCut","line":247,"loc":{"start":{"line":247,"column":4},"end":{"line":265,"column":4}}},"19":{"name":"enforceHasContractCode","line":267,"loc":{"start":{"line":267,"column":4},"end":{"line":273,"column":4}}}},"statementMap":{"1":{"start":{"line":46,"column":8},"end":{"line":46,"column":51}},"2":{"start":{"line":57,"column":8},"end":{"line":57,"column":52}},"3":{"start":{"line":58,"column":8},"end":{"line":58,"column":48}},"4":{"start":{"line":60,"column":8},"end":{"line":60,"column":59}},"5":{"start":{"line":64,"column":8},"end":{"line":64,"column":52}},"6":{"start":{"line":66,"column":8},"end":{"line":66,"column":64}},"7":{"start":{"line":70,"column":8},"end":{"line":70,"column":52}},"8":{"start":{"line":71,"column":8},"end":{"line":71,"column":48}},"9":{"start":{"line":74,"column":8},"end":{"line":74,"column":66}},"10":{"start":{"line":78,"column":8},"end":{"line":78,"column":52}},"11":{"start":{"line":79,"column":8},"end":{"line":79,"column":56}},"12":{"start":{"line":81,"column":8},"end":{"line":81,"column":78}},"13":{"start":{"line":93,"column":8},"end":{"line":93,"column":100}},"14":{"start":{"line":97,"column":8},"end":{"line":97,"column":3995}},"15":{"start":{"line":104,"column":8},"end":{"line":104,"column":4219}},"16":{"start":{"line":118,"column":8},"end":{"line":118,"column":4716}},"17":{"start":{"line":119,"column":12},"end":{"line":119,"column":78}},"18":{"start":{"line":120,"column":12},"end":{"line":120,"column":4886}},"19":{"start":{"line":121,"column":16},"end":{"line":121,"column":108}},"20":{"start":{"line":122,"column":19},"end":{"line":122,"column":5064}},"21":{"start":{"line":123,"column":16},"end":{"line":123,"column":5136}},"22":{"start":{"line":127,"column":19},"end":{"line":127,"column":5308}},"23":{"start":{"line":128,"column":16},"end":{"line":128,"column":5379}},"24":{"start":{"line":133,"column":16},"end":{"line":133,"column":64}},"25":{"start":{"line":136,"column":8},"end":{"line":136,"column":54}},"26":{"start":{"line":137,"column":8},"end":{"line":137,"column":45}},"27":{"start":{"line":141,"column":8},"end":{"line":141,"column":92}},"28":{"start":{"line":142,"column":8},"end":{"line":142,"column":52}},"29":{"start":{"line":143,"column":8},"end":{"line":143,"column":91}},"30":{"start":{"line":144,"column":8},"end":{"line":144,"column":107}},"31":{"start":{"line":146,"column":8},"end":{"line":146,"column":6260}},"32":{"start":{"line":147,"column":12},"end":{"line":147,"column":38}},"33":{"start":{"line":149,"column":8},"end":{"line":149,"column":6348}},"34":{"start":{"line":150,"column":12},"end":{"line":150,"column":63}},"35":{"start":{"line":151,"column":12},"end":{"line":151,"column":90}},"36":{"start":{"line":152,"column":12},"end":{"line":152,"column":106}},"37":{"start":{"line":153,"column":12},"end":{"line":153,"column":69}},"38":{"start":{"line":159,"column":8},"end":{"line":159,"column":92}},"39":{"start":{"line":160,"column":8},"end":{"line":160,"column":52}},"40":{"start":{"line":161,"column":8},"end":{"line":161,"column":91}},"41":{"start":{"line":162,"column":8},"end":{"line":162,"column":107}},"42":{"start":{"line":164,"column":8},"end":{"line":164,"column":7339}},"43":{"start":{"line":165,"column":12},"end":{"line":165,"column":38}},"44":{"start":{"line":167,"column":8},"end":{"line":167,"column":7427}},"45":{"start":{"line":168,"column":12},"end":{"line":168,"column":63}},"46":{"start":{"line":169,"column":12},"end":{"line":169,"column":90}},"47":{"start":{"line":170,"column":12},"end":{"line":170,"column":7690}},"48":{"start":{"line":174,"column":12},"end":{"line":174,"column":56}},"49":{"start":{"line":175,"column":12},"end":{"line":175,"column":69}},"50":{"start":{"line":181,"column":8},"end":{"line":181,"column":92}},"51":{"start":{"line":182,"column":8},"end":{"line":182,"column":52}},"52":{"start":{"line":184,"column":8},"end":{"line":184,"column":101}},"53":{"start":{"line":185,"column":8},"end":{"line":185,"column":8440}},"54":{"start":{"line":186,"column":12},"end":{"line":186,"column":63}},"55":{"start":{"line":187,"column":12},"end":{"line":187,"column":90}},"56":{"start":{"line":188,"column":12},"end":{"line":188,"column":56}},"57":{"start":{"line":193,"column":8},"end":{"line":193,"column":84}},"58":{"start":{"line":195,"column":8},"end":{"line":195,"column":44}},"59":{"start":{"line":205,"column":8},"end":{"line":205,"column":81}},"60":{"start":{"line":214,"column":8},"end":{"line":214,"column":102}},"61":{"start":{"line":216,"column":8},"end":{"line":216,"column":96}},"62":{"start":{"line":218,"column":8},"end":{"line":218,"column":100}},"63":{"start":{"line":219,"column":8},"end":{"line":219,"column":108}},"64":{"start":{"line":221,"column":8},"end":{"line":221,"column":10298}},"65":{"start":{"line":222,"column":12},"end":{"line":222,"column":10363}},"66":{"start":{"line":229,"column":8},"end":{"line":229,"column":71}},"67":{"start":{"line":233,"column":8},"end":{"line":233,"column":10972}},"68":{"start":{"line":235,"column":12},"end":{"line":235,"column":75}},"69":{"start":{"line":236,"column":12},"end":{"line":236,"column":104}},"70":{"start":{"line":237,"column":12},"end":{"line":237,"column":11295}},"71":{"start":{"line":238,"column":16},"end":{"line":238,"column":86}},"72":{"start":{"line":242,"column":12},"end":{"line":242,"column":34}},"73":{"start":{"line":248,"column":8},"end":{"line":248,"column":11858}},"74":{"start":{"line":249,"column":12},"end":{"line":249,"column":18}},"75":{"start":{"line":251,"column":8},"end":{"line":251,"column":80}},"76":{"start":{"line":252,"column":8},"end":{"line":252,"column":74}},"77":{"start":{"line":253,"column":8},"end":{"line":253,"column":12082}},"78":{"start":{"line":254,"column":12},"end":{"line":254,"column":12114}},"79":{"start":{"line":268,"column":8},"end":{"line":268,"column":28}},"80":{"start":{"line":272,"column":8},"end":{"line":272,"column":47}}},"branchMap":{"1":{"line":93,"type":"if","locations":[{"start":{"line":93,"column":8},"end":{"line":93,"column":8}},{"start":{"line":93,"column":8},"end":{"line":93,"column":8}}]},"2":{"line":97,"type":"if","locations":[{"start":{"line":97,"column":8},"end":{"line":97,"column":8}},{"start":{"line":97,"column":8},"end":{"line":97,"column":8}}]},"3":{"line":104,"type":"if","locations":[{"start":{"line":104,"column":8},"end":{"line":104,"column":8}},{"start":{"line":104,"column":8},"end":{"line":104,"column":8}}]},"4":{"line":105,"type":"cond-expr","locations":[{"start":{"line":105,"column":12},"end":{"line":105,"column":55}},{"start":{"line":105,"column":60},"end":{"line":105,"column":103}}]},"5":{"line":120,"type":"if","locations":[{"start":{"line":120,"column":12},"end":{"line":120,"column":12}},{"start":{"line":120,"column":12},"end":{"line":120,"column":12}}]},"6":{"line":122,"type":"if","locations":[{"start":{"line":122,"column":19},"end":{"line":122,"column":19}},{"start":{"line":122,"column":19},"end":{"line":122,"column":19}}]},"7":{"line":127,"type":"if","locations":[{"start":{"line":127,"column":19},"end":{"line":127,"column":19}},{"start":{"line":127,"column":19},"end":{"line":127,"column":19}}]},"8":{"line":141,"type":"if","locations":[{"start":{"line":141,"column":8},"end":{"line":141,"column":8}},{"start":{"line":141,"column":8},"end":{"line":141,"column":8}}]},"9":{"line":143,"type":"if","locations":[{"start":{"line":143,"column":8},"end":{"line":143,"column":8}},{"start":{"line":143,"column":8},"end":{"line":143,"column":8}}]},"10":{"line":146,"type":"if","locations":[{"start":{"line":146,"column":8},"end":{"line":146,"column":8}},{"start":{"line":146,"column":8},"end":{"line":146,"column":8}}]},"11":{"line":152,"type":"if","locations":[{"start":{"line":152,"column":12},"end":{"line":152,"column":12}},{"start":{"line":152,"column":12},"end":{"line":152,"column":12}}]},"12":{"line":159,"type":"if","locations":[{"start":{"line":159,"column":8},"end":{"line":159,"column":8}},{"start":{"line":159,"column":8},"end":{"line":159,"column":8}}]},"13":{"line":161,"type":"if","locations":[{"start":{"line":161,"column":8},"end":{"line":161,"column":8}},{"start":{"line":161,"column":8},"end":{"line":161,"column":8}}]},"14":{"line":164,"type":"if","locations":[{"start":{"line":164,"column":8},"end":{"line":164,"column":8}},{"start":{"line":164,"column":8},"end":{"line":164,"column":8}}]},"15":{"line":170,"type":"if","locations":[{"start":{"line":170,"column":12},"end":{"line":170,"column":12}},{"start":{"line":170,"column":12},"end":{"line":170,"column":12}}]},"16":{"line":181,"type":"if","locations":[{"start":{"line":181,"column":8},"end":{"line":181,"column":8}},{"start":{"line":181,"column":8},"end":{"line":181,"column":8}}]},"17":{"line":184,"type":"if","locations":[{"start":{"line":184,"column":8},"end":{"line":184,"column":8}},{"start":{"line":184,"column":8},"end":{"line":184,"column":8}}]},"18":{"line":214,"type":"if","locations":[{"start":{"line":214,"column":8},"end":{"line":214,"column":8}},{"start":{"line":214,"column":8},"end":{"line":214,"column":8}}]},"19":{"line":216,"type":"if","locations":[{"start":{"line":216,"column":8},"end":{"line":216,"column":8}},{"start":{"line":216,"column":8},"end":{"line":216,"column":8}}]},"20":{"line":221,"type":"if","locations":[{"start":{"line":221,"column":8},"end":{"line":221,"column":8}},{"start":{"line":221,"column":8},"end":{"line":221,"column":8}}]},"21":{"line":233,"type":"if","locations":[{"start":{"line":233,"column":8},"end":{"line":233,"column":8}},{"start":{"line":233,"column":8},"end":{"line":233,"column":8}}]},"22":{"line":237,"type":"if","locations":[{"start":{"line":237,"column":12},"end":{"line":237,"column":12}},{"start":{"line":237,"column":12},"end":{"line":237,"column":12}}]},"23":{"line":248,"type":"if","locations":[{"start":{"line":248,"column":8},"end":{"line":248,"column":8}},{"start":{"line":248,"column":8},"end":{"line":248,"column":8}}]},"24":{"line":253,"type":"if","locations":[{"start":{"line":253,"column":8},"end":{"line":253,"column":8}},{"start":{"line":253,"column":8},"end":{"line":253,"column":8}}]},"25":{"line":254,"type":"if","locations":[{"start":{"line":254,"column":12},"end":{"line":254,"column":12}},{"start":{"line":254,"column":12},"end":{"line":254,"column":12}}]},"26":{"line":272,"type":"if","locations":[{"start":{"line":272,"column":8},"end":{"line":272,"column":8}},{"start":{"line":272,"column":8},"end":{"line":272,"column":8}}]}}},"contracts/libraries/LibNetwork.sol":{"l":{"6":45,"20":100,"21":100,"22":100,"26":27,"30":135},"path":"/mnt/d/SmartContracts/Ethereum/randomizer-diamond/contracts/libraries/LibNetwork.sol","s":{"1":45,"2":100,"3":100,"4":100,"5":27,"6":135},"b":{"1":[0,100]},"f":{"1":45,"2":100,"3":27,"4":135},"fnMap":{"1":{"name":"_seed","line":5,"loc":{"start":{"line":5,"column":4},"end":{"line":17,"column":4}}},"2":{"name":"_gasPrice","line":19,"loc":{"start":{"line":19,"column":4},"end":{"line":23,"column":4}}},"3":{"name":"_blockHash","line":25,"loc":{"start":{"line":25,"column":4},"end":{"line":27,"column":4}}},"4":{"name":"_blockNumber","line":29,"loc":{"start":{"line":29,"column":4},"end":{"line":31,"column":4}}}},"statementMap":{"1":{"start":{"line":6,"column":8},"end":{"line":6,"column":175}},"2":{"start":{"line":20,"column":8},"end":{"line":20,"column":60}},"3":{"start":{"line":21,"column":8},"end":{"line":21,"column":70}},"4":{"start":{"line":22,"column":8},"end":{"line":22,"column":23}},"5":{"start":{"line":26,"column":8},"end":{"line":26,"column":37}},"6":{"start":{"line":30,"column":8},"end":{"line":30,"column":27}}},"branchMap":{"1":{"line":21,"type":"if","locations":[{"start":{"line":21,"column":50},"end":{"line":21,"column":60}},{"start":{"line":21,"column":64},"end":{"line":21,"column":69}}]}}},"contracts/libraries/LibVRF.sol":{"l":{"37":200,"45":263,"54":0,"63":0,"78":0,"81":0,"91":0,"101":0,"113":0,"133":40,"138":40,"162":0,"165":40,"173":40,"185":40,"192":0,"193":0,"194":0,"195":0,"196":0,"197":0,"203":0,"205":0,"212":0,"213":0,"214":0,"215":0,"219":0,"221":0,"235":50,"236":50,"245":50,"246":50,"248":50,"263":90,"276":90,"279":263,"281":263,"282":263,"283":263,"286":90,"289":0,"313":40,"325":40,"326":40,"327":40,"333":40,"341":250,"343":250,"362":50,"363":50,"364":50,"366":50,"385":80,"387":80,"408":40,"409":40,"410":40,"412":40,"419":40,"428":120},"path":"/mnt/d/SmartContracts/Ethereum/randomizer-diamond/contracts/libraries/LibVRF.sol","s":{"1":200,"2":263,"3":0,"4":0,"5":0,"6":0,"7":0,"8":0,"9":0,"10":40,"11":40,"12":0,"13":40,"14":40,"15":40,"16":0,"17":0,"18":0,"19":0,"20":0,"21":0,"22":0,"23":0,"24":0,"25":0,"26":0,"27":0,"28":50,"29":50,"30":50,"31":50,"32":50,"33":90,"34":90,"35":263,"36":263,"37":263,"38":263,"39":90,"40":0,"41":40,"42":40,"43":40,"44":40,"45":250,"46":250,"47":50,"48":50,"49":50,"50":50,"51":80,"52":80,"53":40,"54":40,"55":40,"56":40,"57":120},"b":{"1":[0,40],"2":[0,0],"3":[0,0],"4":[0,0],"5":[0,0],"6":[90,173]},"f":{"1":200,"2":263,"3":0,"4":0,"5":40,"6":0,"7":0,"8":50,"9":90,"10":40,"11":250,"12":50,"13":80,"14":40,"15":120},"fnMap":{"1":{"name":"derivePoint","line":32,"loc":{"start":{"line":32,"column":4},"end":{"line":38,"column":4}}},"2":{"name":"deriveY","line":44,"loc":{"start":{"line":44,"column":4},"end":{"line":46,"column":4}}},"3":{"name":"gammaToHash","line":53,"loc":{"start":{"line":53,"column":4},"end":{"line":64,"column":4}}},"4":{"name":"verify","line":72,"loc":{"start":{"line":72,"column":4},"end":{"line":114,"column":4}}},"5":{"name":"fastVerify","line":125,"loc":{"start":{"line":125,"column":4},"end":{"line":186,"column":4}}},"6":{"name":"decodeProof","line":191,"loc":{"start":{"line":191,"column":4},"end":{"line":206,"column":4}}},"7":{"name":"decodePoint","line":211,"loc":{"start":{"line":211,"column":4},"end":{"line":222,"column":4}}},"8":{"name":"computeFastVerifyParams","line":229,"loc":{"start":{"line":229,"column":4},"end":{"line":249,"column":4}}},"9":{"name":"hashToTryAndIncrement","line":256,"loc":{"start":{"line":256,"column":4},"end":{"line":290,"column":4}}},"10":{"name":"hashPoints","line":303,"loc":{"start":{"line":303,"column":4},"end":{"line":334,"column":4}}},"11":{"name":"encodePoint","line":340,"loc":{"start":{"line":340,"column":4},"end":{"line":344,"column":4}}},"12":{"name":"ecMulSubMul","line":354,"loc":{"start":{"line":354,"column":4},"end":{"line":367,"column":4}}},"13":{"name":"ecMulVerify","line":378,"loc":{"start":{"line":378,"column":4},"end":{"line":388,"column":4}}},"14":{"name":"ecMulSubMulVerify","line":400,"loc":{"start":{"line":400,"column":4},"end":{"line":420,"column":4}}},"15":{"name":"pointToAddress","line":427,"loc":{"start":{"line":427,"column":4},"end":{"line":433,"column":4}}}},"statementMap":{"1":{"start":{"line":37,"column":8},"end":{"line":37,"column":46}},"2":{"start":{"line":45,"column":8},"end":{"line":45,"column":48}},"3":{"start":{"line":54,"column":8},"end":{"line":54,"column":2514}},"4":{"start":{"line":63,"column":8},"end":{"line":63,"column":24}},"5":{"start":{"line":78,"column":8},"end":{"line":78,"column":88}},"6":{"start":{"line":81,"column":8},"end":{"line":81,"column":3754}},"7":{"start":{"line":91,"column":8},"end":{"line":91,"column":4002}},"8":{"start":{"line":101,"column":8},"end":{"line":101,"column":4266}},"9":{"start":{"line":113,"column":8},"end":{"line":113,"column":45}},"10":{"start":{"line":133,"column":8},"end":{"line":133,"column":88}},"11":{"start":{"line":138,"column":8},"end":{"line":138,"column":6197}},"12":{"start":{"line":162,"column":12},"end":{"line":162,"column":24}},"13":{"start":{"line":165,"column":8},"end":{"line":165,"column":6994}},"14":{"start":{"line":173,"column":8},"end":{"line":173,"column":7290}},"15":{"start":{"line":185,"column":8},"end":{"line":185,"column":45}},"16":{"start":{"line":192,"column":8},"end":{"line":192,"column":58}},"17":{"start":{"line":193,"column":8},"end":{"line":193,"column":23}},"18":{"start":{"line":194,"column":8},"end":{"line":194,"column":22}},"19":{"start":{"line":195,"column":8},"end":{"line":195,"column":17}},"20":{"start":{"line":196,"column":8},"end":{"line":196,"column":17}},"21":{"start":{"line":203,"column":8},"end":{"line":203,"column":51}},"22":{"start":{"line":205,"column":8},"end":{"line":205,"column":37}},"23":{"start":{"line":212,"column":8},"end":{"line":212,"column":68}},"24":{"start":{"line":213,"column":8},"end":{"line":213,"column":18}},"25":{"start":{"line":214,"column":8},"end":{"line":214,"column":17}},"26":{"start":{"line":219,"column":8},"end":{"line":219,"column":36}},"27":{"start":{"line":221,"column":8},"end":{"line":221,"column":21}},"28":{"start":{"line":235,"column":8},"end":{"line":235,"column":88}},"29":{"start":{"line":236,"column":8},"end":{"line":236,"column":9737}},"30":{"start":{"line":245,"column":8},"end":{"line":245,"column":77}},"31":{"start":{"line":246,"column":8},"end":{"line":246,"column":89}},"32":{"start":{"line":248,"column":8},"end":{"line":248,"column":65}},"33":{"start":{"line":263,"column":8},"end":{"line":263,"column":10952}},"34":{"start":{"line":276,"column":8},"end":{"line":276,"column":11377}},"35":{"start":{"line":279,"column":12},"end":{"line":279,"column":58}},"36":{"start":{"line":281,"column":12},"end":{"line":281,"column":42}},"37":{"start":{"line":282,"column":12},"end":{"line":282,"column":49}},"38":{"start":{"line":283,"column":12},"end":{"line":283,"column":11743}},"39":{"start":{"line":286,"column":16},"end":{"line":286,"column":41}},"40":{"start":{"line":289,"column":8},"end":{"line":289,"column":41}},"41":{"start":{"line":313,"column":8},"end":{"line":313,"column":13097}},"42":{"start":{"line":325,"column":8},"end":{"line":325,"column":31}},"43":{"start":{"line":326,"column":8},"end":{"line":326,"column":21}},"44":{"start":{"line":333,"column":8},"end":{"line":333,"column":20}},"45":{"start":{"line":341,"column":8},"end":{"line":341,"column":42}},"46":{"start":{"line":343,"column":8},"end":{"line":343,"column":43}},"47":{"start":{"line":362,"column":8},"end":{"line":362,"column":66}},"48":{"start":{"line":363,"column":8},"end":{"line":363,"column":66}},"49":{"start":{"line":364,"column":8},"end":{"line":364,"column":70}},"50":{"start":{"line":366,"column":8},"end":{"line":366,"column":23}},"51":{"start":{"line":385,"column":8},"end":{"line":385,"column":107}},"52":{"start":{"line":387,"column":8},"end":{"line":387,"column":49}},"53":{"start":{"line":408,"column":8},"end":{"line":408,"column":46}},"54":{"start":{"line":410,"column":8},"end":{"line":410,"column":46}},"55":{"start":{"line":412,"column":8},"end":{"line":412,"column":17330}},"56":{"start":{"line":419,"column":8},"end":{"line":419,"column":49}},"57":{"start":{"line":428,"column":8},"end":{"line":428,"column":18043}}},"branchMap":{"1":{"line":138,"type":"if","locations":[{"start":{"line":138,"column":8},"end":{"line":138,"column":8}},{"start":{"line":138,"column":8},"end":{"line":138,"column":8}}]},"2":{"line":139,"type":"cond-expr","locations":[{"start":{"line":139,"column":12},"end":{"line":146,"column":12}},{"start":{"line":147,"column":12},"end":{"line":153,"column":12}}]},"3":{"line":139,"type":"cond-expr","locations":[{"start":{"line":139,"column":12},"end":{"line":153,"column":12}},{"start":{"line":154,"column":12},"end":{"line":160,"column":12}}]},"4":{"line":192,"type":"if","locations":[{"start":{"line":192,"column":8},"end":{"line":192,"column":8}},{"start":{"line":192,"column":8},"end":{"line":192,"column":8}}]},"5":{"line":212,"type":"if","locations":[{"start":{"line":212,"column":8},"end":{"line":212,"column":8}},{"start":{"line":212,"column":8},"end":{"line":212,"column":8}}]},"6":{"line":283,"type":"if","locations":[{"start":{"line":283,"column":12},"end":{"line":283,"column":12}},{"start":{"line":283,"column":12},"end":{"line":283,"column":12}}]}}},"contracts/RandomizerDiamond.sol":{"l":{"16":132,"19":132,"20":132,"21":132,"22":132,"27":132,"33":848,"34":848,"36":848,"40":848,"41":848,"43":848},"path":"/mnt/d/SmartContracts/Ethereum/randomizer-diamond/contracts/RandomizerDiamond.sol","s":{"1":132,"2":132,"3":132,"4":132,"5":848,"6":848,"7":848,"8":848},"b":{"1":[848,0]},"f":{"1":132,"2":848},"fnMap":{"1":{"name":"constructor","line":15,"loc":{"start":{"line":15,"column":4},"end":{"line":28,"column":4}}},"2":{"name":null,"line":32,"loc":{"start":{"line":32,"column":4},"end":{"line":59,"column":4}}}},"statementMap":{"1":{"start":{"line":16,"column":8},"end":{"line":16,"column":50}},"2":{"start":{"line":19,"column":8},"end":{"line":19,"column":73}},"3":{"start":{"line":20,"column":8},"end":{"line":20,"column":59}},"4":{"start":{"line":27,"column":8},"end":{"line":27,"column":49}},"5":{"start":{"line":33,"column":8},"end":{"line":33,"column":44}},"6":{"start":{"line":34,"column":8},"end":{"line":34,"column":62}},"7":{"start":{"line":40,"column":8},"end":{"line":40,"column":75}},"8":{"start":{"line":41,"column":8},"end":{"line":41,"column":71}}},"branchMap":{"1":{"line":41,"type":"if","locations":[{"start":{"line":41,"column":8},"end":{"line":41,"column":8}},{"start":{"line":41,"column":8},"end":{"line":41,"column":8}}]}}},"contracts/shared/Structs.sol":{"l":{},"path":"/mnt/d/SmartContracts/Ethereum/randomizer-diamond/contracts/shared/Structs.sol","s":{},"b":{},"f":{},"fnMap":{},"statementMap":{},"branchMap":{}},"contracts/shared/Utils.sol":{"l":{"27":24,"28":24,"29":24,"30":24,"31":7,"32":7,"34":17,"35":17,"36":17,"37":17,"39":17,"40":17,"50":10,"51":10,"52":10,"53":9,"54":9,"55":9,"56":9,"65":10,"68":9,"70":9,"71":11,"72":11,"73":11,"74":11,"75":29,"76":2,"77":2,"78":2,"81":11,"82":9,"89":45,"91":44,"92":44,"94":44,"95":44,"96":141,"97":141,"98":141,"99":141,"100":97,"101":97,"102":53,"103":53,"104":53,"108":141,"109":88,"110":88,"111":88,"115":44,"125":6,"128":6,"129":6,"131":6,"132":6,"142":37,"143":37,"144":37,"146":37,"147":37,"148":37,"151":6,"152":6,"154":6,"155":6,"156":6,"160":0,"162":37,"163":37,"168":10,"169":10,"170":9,"172":1,"181":49,"182":49,"183":49,"192":44,"199":44,"200":1,"203":43,"211":45,"213":45,"215":44,"217":44,"219":44,"222":44},"path":"/mnt/d/SmartContracts/Ethereum/randomizer-diamond/contracts/shared/Utils.sol","s":{"1":24,"2":24,"3":24,"4":7,"5":7,"6":17,"7":17,"8":17,"9":10,"10":9,"11":10,"12":9,"13":9,"14":11,"15":11,"16":11,"17":11,"18":29,"19":11,"20":9,"21":45,"22":44,"23":44,"24":44,"25":44,"26":141,"27":141,"28":141,"29":141,"30":97,"31":97,"32":141,"33":44,"34":6,"35":6,"36":6,"37":37,"38":37,"39":37,"40":37,"41":37,"42":37,"43":6,"44":6,"45":6,"46":37,"47":10,"48":10,"49":9,"50":49,"51":44,"52":44,"53":43,"54":45,"55":45,"56":44,"57":44,"58":44},"b":{"1":[7,17],"2":[0,17],"3":[1,9],"4":[2,27],"5":[9,2],"6":[1,44],"7":[97,44],"8":[53,44],"9":[88,53],"10":[37,0],"11":[37,0],"12":[6,31],"13":[6,0],"14":[6,0],"15":[6,0],"16":[9,1],"17":[1,43],"18":[0,43]},"f":{"1":24,"2":10,"3":10,"4":45,"5":6,"6":37,"7":10,"8":49,"9":44,"10":45},"fnMap":{"1":{"name":"_removeBeacon","line":26,"loc":{"start":{"line":26,"column":4},"end":{"line":41,"column":4}}},"2":{"name":"_requestBeacon","line":43,"loc":{"start":{"line":43,"column":4},"end":{"line":57,"column":4}}},"3":{"name":"_randomBeacon","line":60,"loc":{"start":{"line":60,"column":4},"end":{"line":85,"column":4}}},"4":{"name":"_randomBeacons","line":88,"loc":{"start":{"line":88,"column":4},"end":{"line":116,"column":4}}},"5":{"name":"_processResult","line":118,"loc":{"start":{"line":118,"column":4},"end":{"line":133,"column":4}}},"6":{"name":"_softChargeClient","line":135,"loc":{"start":{"line":135,"column":4},"end":{"line":165,"column":4}}},"7":{"name":"_transferEth","line":167,"loc":{"start":{"line":167,"column":4},"end":{"line":174,"column":4}}},"8":{"name":"_chargeClient","line":176,"loc":{"start":{"line":176,"column":4},"end":{"line":184,"column":4}}},"9":{"name":"_validateRequestData","line":186,"loc":{"start":{"line":186,"column":4},"end":{"line":204,"column":4}}},"10":{"name":"_generateRequest","line":206,"loc":{"start":{"line":206,"column":4},"end":{"line":236,"column":4}}}},"statementMap":{"1":{"start":{"line":27,"column":8},"end":{"line":27,"column":46}},"2":{"start":{"line":28,"column":8},"end":{"line":28,"column":54}},"3":{"start":{"line":30,"column":8},"end":{"line":30,"column":1275}},"4":{"start":{"line":31,"column":12},"end":{"line":31,"column":26}},"5":{"start":{"line":32,"column":12},"end":{"line":32,"column":18}},"6":{"start":{"line":34,"column":8},"end":{"line":34,"column":47}},"7":{"start":{"line":36,"column":8},"end":{"line":36,"column":54}},"8":{"start":{"line":40,"column":8},"end":{"line":40,"column":22}},"9":{"start":{"line":52,"column":8},"end":{"line":52,"column":70}},"10":{"start":{"line":56,"column":8},"end":{"line":56,"column":76}},"11":{"start":{"line":65,"column":8},"end":{"line":65,"column":87}},"12":{"start":{"line":68,"column":8},"end":{"line":68,"column":45}},"13":{"start":{"line":70,"column":8},"end":{"line":70,"column":2832}},"14":{"start":{"line":71,"column":12},"end":{"line":71,"column":26}},"15":{"start":{"line":72,"column":12},"end":{"line":72,"column":71}},"16":{"start":{"line":73,"column":12},"end":{"line":73,"column":63}},"17":{"start":{"line":74,"column":12},"end":{"line":74,"column":3033}},"18":{"start":{"line":75,"column":16},"end":{"line":75,"column":3084}},"19":{"start":{"line":81,"column":12},"end":{"line":81,"column":3306}},"20":{"start":{"line":82,"column":16},"end":{"line":82,"column":35}},"21":{"start":{"line":89,"column":8},"end":{"line":89,"column":87}},"22":{"start":{"line":91,"column":8},"end":{"line":91,"column":33}},"23":{"start":{"line":92,"column":8},"end":{"line":92,"column":45}},"24":{"start":{"line":94,"column":8},"end":{"line":94,"column":17}},"25":{"start":{"line":95,"column":8},"end":{"line":95,"column":3803}},"26":{"start":{"line":96,"column":12},"end":{"line":96,"column":71}},"27":{"start":{"line":97,"column":12},"end":{"line":97,"column":63}},"28":{"start":{"line":98,"column":12},"end":{"line":98,"column":26}},"29":{"start":{"line":99,"column":12},"end":{"line":99,"column":4005}},"30":{"start":{"line":100,"column":16},"end":{"line":100,"column":4039}},"31":{"start":{"line":101,"column":20},"end":{"line":101,"column":4094}},"32":{"start":{"line":108,"column":12},"end":{"line":108,"column":4332}},"33":{"start":{"line":115,"column":8},"end":{"line":115,"column":22}},"34":{"start":{"line":125,"column":8},"end":{"line":125,"column":85}},"35":{"start":{"line":128,"column":8},"end":{"line":128,"column":64}},"36":{"start":{"line":132,"column":8},"end":{"line":132,"column":38}},"37":{"start":{"line":142,"column":8},"end":{"line":142,"column":22}},"38":{"start":{"line":143,"column":8},"end":{"line":143,"column":22}},"39":{"start":{"line":144,"column":8},"end":{"line":144,"column":46}},"40":{"start":{"line":146,"column":8},"end":{"line":146,"column":5368}},"41":{"start":{"line":147,"column":12},"end":{"line":147,"column":5404}},"42":{"start":{"line":148,"column":16},"end":{"line":148,"column":5446}},"43":{"start":{"line":152,"column":20},"end":{"line":152,"column":60}},"44":{"start":{"line":154,"column":20},"end":{"line":154,"column":5884}},"45":{"start":{"line":156,"column":24},"end":{"line":156,"column":65}},"46":{"start":{"line":163,"column":12},"end":{"line":163,"column":49}},"47":{"start":{"line":168,"column":8},"end":{"line":168,"column":52}},"48":{"start":{"line":169,"column":8},"end":{"line":169,"column":6457}},"49":{"start":{"line":170,"column":12},"end":{"line":170,"column":49}},"50":{"start":{"line":183,"column":8},"end":{"line":183,"column":52}},"51":{"start":{"line":192,"column":8},"end":{"line":192,"column":88}},"52":{"start":{"line":199,"column":8},"end":{"line":199,"column":7517}},"53":{"start":{"line":203,"column":8},"end":{"line":203,"column":56}},"54":{"start":{"line":211,"column":8},"end":{"line":211,"column":43}},"55":{"start":{"line":213,"column":8},"end":{"line":213,"column":64}},"56":{"start":{"line":215,"column":8},"end":{"line":215,"column":70}},"57":{"start":{"line":217,"column":8},"end":{"line":217,"column":88}},"58":{"start":{"line":222,"column":8},"end":{"line":222,"column":8227}}},"branchMap":{"1":{"line":30,"type":"if","locations":[{"start":{"line":30,"column":8},"end":{"line":30,"column":8}},{"start":{"line":30,"column":8},"end":{"line":30,"column":8}}]},"2":{"line":34,"type":"if","locations":[{"start":{"line":34,"column":8},"end":{"line":34,"column":8}},{"start":{"line":34,"column":8},"end":{"line":34,"column":8}}]},"3":{"line":65,"type":"if","locations":[{"start":{"line":65,"column":8},"end":{"line":65,"column":8}},{"start":{"line":65,"column":8},"end":{"line":65,"column":8}}]},"4":{"line":75,"type":"if","locations":[{"start":{"line":75,"column":16},"end":{"line":75,"column":16}},{"start":{"line":75,"column":16},"end":{"line":75,"column":16}}]},"5":{"line":81,"type":"if","locations":[{"start":{"line":81,"column":12},"end":{"line":81,"column":12}},{"start":{"line":81,"column":12},"end":{"line":81,"column":12}}]},"6":{"line":89,"type":"if","locations":[{"start":{"line":89,"column":8},"end":{"line":89,"column":8}},{"start":{"line":89,"column":8},"end":{"line":89,"column":8}}]},"7":{"line":99,"type":"if","locations":[{"start":{"line":99,"column":12},"end":{"line":99,"column":12}},{"start":{"line":99,"column":12},"end":{"line":99,"column":12}}]},"8":{"line":101,"type":"if","locations":[{"start":{"line":101,"column":20},"end":{"line":101,"column":20}},{"start":{"line":101,"column":20},"end":{"line":101,"column":20}}]},"9":{"line":108,"type":"if","locations":[{"start":{"line":108,"column":12},"end":{"line":108,"column":12}},{"start":{"line":108,"column":12},"end":{"line":108,"column":12}}]},"10":{"line":146,"type":"if","locations":[{"start":{"line":146,"column":8},"end":{"line":146,"column":8}},{"start":{"line":146,"column":8},"end":{"line":146,"column":8}}]},"11":{"line":147,"type":"if","locations":[{"start":{"line":147,"column":12},"end":{"line":147,"column":12}},{"start":{"line":147,"column":12},"end":{"line":147,"column":12}}]},"12":{"line":148,"type":"if","locations":[{"start":{"line":148,"column":16},"end":{"line":148,"column":16}},{"start":{"line":148,"column":16},"end":{"line":148,"column":16}}]},"13":{"line":151,"type":"if","locations":[{"start":{"line":151,"column":58},"end":{"line":151,"column":66}},{"start":{"line":151,"column":70},"end":{"line":151,"column":82}}]},"14":{"line":154,"type":"if","locations":[{"start":{"line":154,"column":20},"end":{"line":154,"column":20}},{"start":{"line":154,"column":20},"end":{"line":154,"column":20}}]},"15":{"line":155,"type":"if","locations":[{"start":{"line":155,"column":71},"end":{"line":155,"column":79}},{"start":{"line":155,"column":83},"end":{"line":155,"column":104}}]},"16":{"line":169,"type":"if","locations":[{"start":{"line":169,"column":8},"end":{"line":169,"column":8}},{"start":{"line":169,"column":8},"end":{"line":169,"column":8}}]},"17":{"line":199,"type":"if","locations":[{"start":{"line":199,"column":8},"end":{"line":199,"column":8}},{"start":{"line":199,"column":8},"end":{"line":199,"column":8}}]},"18":{"line":203,"type":"if","locations":[{"start":{"line":203,"column":8},"end":{"line":203,"column":8}},{"start":{"line":203,"column":8},"end":{"line":203,"column":8}}]}}},"contracts/test/ArbGasInfo.sol":{"l":{"35":1},"path":"/mnt/d/SmartContracts/Ethereum/randomizer-diamond/contracts/test/ArbGasInfo.sol","s":{"1":1},"b":{},"f":{"1":3,"2":1},"fnMap":{"1":{"name":"constructor","line":4,"loc":{"start":{"line":4,"column":4},"end":{"line":4,"column":19}}},"2":{"name":"getPricesInWei","line":23,"loc":{"start":{"line":23,"column":4},"end":{"line":36,"column":4}}}},"statementMap":{"1":{"start":{"line":35,"column":8},"end":{"line":35,"column":45}}},"branchMap":{}},"contracts/test/StorageControlFacet.sol":{"l":{"14":1,"15":1,"19":2,"23":0},"path":"/mnt/d/SmartContracts/Ethereum/randomizer-diamond/contracts/test/StorageControlFacet.sol","s":{},"b":{},"f":{"1":1,"2":2,"3":0},"fnMap":{"1":{"name":"_debug_setSBeacon","line":9,"loc":{"start":{"line":9,"column":4},"end":{"line":16,"column":4}}},"2":{"name":"_debug_setCollateral","line":18,"loc":{"start":{"line":18,"column":4},"end":{"line":20,"column":4}}},"3":{"name":"_debug_setClientDeposit","line":22,"loc":{"start":{"line":22,"column":4},"end":{"line":24,"column":4}}}},"statementMap":{},"branchMap":{}},"contracts/test/TestCallback.sol":{"l":{"22":117,"23":117,"27":3,"28":3,"29":3,"30":3,"35":3,"40":43,"44":1,"48":1},"path":"/mnt/d/SmartContracts/Ethereum/randomizer-diamond/contracts/test/TestCallback.sol","s":{"1":3,"2":3,"3":3,"4":43,"5":1,"6":1},"b":{"1":[3,0]},"f":{"1":117,"2":3,"3":3,"4":43,"5":1,"6":1},"fnMap":{"1":{"name":"constructor","line":21,"loc":{"start":{"line":21,"column":4},"end":{"line":24,"column":4}}},"2":{"name":"randomizerCallback","line":26,"loc":{"start":{"line":26,"column":4},"end":{"line":32,"column":4}}},"3":{"name":"randomizerWithdraw","line":34,"loc":{"start":{"line":34,"column":4},"end":{"line":37,"column":4}}},"4":{"name":"makeRequest","line":39,"loc":{"start":{"line":39,"column":4},"end":{"line":41,"column":4}}},"5":{"name":"makeRequestWithGasTooLow","line":43,"loc":{"start":{"line":43,"column":4},"end":{"line":45,"column":4}}},"6":{"name":"makeRequestWithGasTooHigh","line":47,"loc":{"start":{"line":47,"column":4},"end":{"line":49,"column":4}}}},"statementMap":{"1":{"start":{"line":27,"column":8},"end":{"line":27,"column":40}},"2":{"start":{"line":30,"column":8},"end":{"line":30,"column":33}},"3":{"start":{"line":35,"column":8},"end":{"line":35,"column":68}},"4":{"start":{"line":40,"column":8},"end":{"line":40,"column":54}},"5":{"start":{"line":44,"column":8},"end":{"line":44,"column":49}},"6":{"start":{"line":48,"column":8},"end":{"line":48,"column":57}}},"branchMap":{"1":{"line":27,"type":"if","locations":[{"start":{"line":27,"column":8},"end":{"line":27,"column":8}},{"start":{"line":27,"column":8},"end":{"line":27,"column":8}}]}}},"contracts/test/TestCallbackWithRevert.sol":{"l":{"22":3,"23":3,"27":1,"31":1},"path":"/mnt/d/SmartContracts/Ethereum/randomizer-diamond/contracts/test/TestCallbackWithRevert.sol","s":{"1":1,"2":1},"b":{},"f":{"1":3,"2":1,"3":1},"fnMap":{"1":{"name":"constructor","line":21,"loc":{"start":{"line":21,"column":4},"end":{"line":24,"column":4}}},"2":{"name":"randomizerCallback","line":26,"loc":{"start":{"line":26,"column":4},"end":{"line":28,"column":4}}},"3":{"name":"makeRequest","line":30,"loc":{"start":{"line":30,"column":4},"end":{"line":32,"column":4}}}},"statementMap":{"1":{"start":{"line":27,"column":8},"end":{"line":27,"column":23}},"2":{"start":{"line":31,"column":8},"end":{"line":31,"column":54}}},"branchMap":{}},"contracts/test/TestCallbackWithTooMuchGas.sol":{"l":{"23":6,"24":6,"29":2,"30":168,"35":2},"path":"/mnt/d/SmartContracts/Ethereum/randomizer-diamond/contracts/test/TestCallbackWithTooMuchGas.sol","s":{"1":2,"2":2},"b":{},"f":{"1":6,"2":2,"3":2},"fnMap":{"1":{"name":"constructor","line":22,"loc":{"start":{"line":22,"column":4},"end":{"line":25,"column":4}}},"2":{"name":"randomizerCallback","line":27,"loc":{"start":{"line":27,"column":4},"end":{"line":32,"column":4}}},"3":{"name":"makeRequest","line":34,"loc":{"start":{"line":34,"column":4},"end":{"line":36,"column":4}}}},"statementMap":{"1":{"start":{"line":29,"column":8},"end":{"line":29,"column":867}},"2":{"start":{"line":35,"column":8},"end":{"line":35,"column":54}}},"branchMap":{}},"contracts/upgradeInitializers/DiamondInit.sol":{"l":{"39":44,"40":44,"41":44,"42":44,"43":44,"44":44,"46":44,"47":44,"48":44,"49":336,"52":44,"53":44,"54":44,"55":264,"56":264,"57":264,"65":44,"66":44,"67":44,"68":308,"72":44,"73":44,"74":44,"75":44},"path":"/mnt/d/SmartContracts/Ethereum/randomizer-diamond/contracts/upgradeInitializers/DiamondInit.sol","s":{"1":44,"2":44,"3":44,"4":44,"5":44,"6":44,"7":44,"8":44,"9":44,"10":264,"11":44,"12":44,"13":44,"14":44},"b":{"1":[44,0],"2":[44,0],"3":[44,0],"4":[44,0]},"f":{"1":44},"fnMap":{"1":{"name":"init","line":38,"loc":{"start":{"line":38,"column":4},"end":{"line":76,"column":4}}}},"statementMap":{"1":{"start":{"line":39,"column":8},"end":{"line":39,"column":53}},"2":{"start":{"line":41,"column":8},"end":{"line":41,"column":90}},"3":{"start":{"line":44,"column":8},"end":{"line":44,"column":62}},"4":{"start":{"line":46,"column":8},"end":{"line":46,"column":54}},"5":{"start":{"line":47,"column":8},"end":{"line":47,"column":57}},"6":{"start":{"line":48,"column":8},"end":{"line":48,"column":1943}},"7":{"start":{"line":52,"column":8},"end":{"line":52,"column":33}},"8":{"start":{"line":53,"column":8},"end":{"line":53,"column":52}},"9":{"start":{"line":54,"column":8},"end":{"line":54,"column":2149}},"10":{"start":{"line":56,"column":12},"end":{"line":56,"column":43}},"11":{"start":{"line":65,"column":8},"end":{"line":65,"column":53}},"12":{"start":{"line":66,"column":8},"end":{"line":66,"column":55}},"13":{"start":{"line":67,"column":8},"end":{"line":67,"column":2671}},"14":{"start":{"line":72,"column":8},"end":{"line":72,"column":74}}},"branchMap":{"1":{"line":39,"type":"if","locations":[{"start":{"line":39,"column":8},"end":{"line":39,"column":8}},{"start":{"line":39,"column":8},"end":{"line":39,"column":8}}]},"2":{"line":41,"type":"if","locations":[{"start":{"line":41,"column":8},"end":{"line":41,"column":8}},{"start":{"line":41,"column":8},"end":{"line":41,"column":8}}]},"3":{"line":47,"type":"if","locations":[{"start":{"line":47,"column":8},"end":{"line":47,"column":8}},{"start":{"line":47,"column":8},"end":{"line":47,"column":8}}]},"4":{"line":66,"type":"if","locations":[{"start":{"line":66,"column":8},"end":{"line":66,"column":8}},{"start":{"line":66,"column":8},"end":{"line":66,"column":8}}]}}}}